<?xml version="1.0" encoding="UTF-8"?>
<TestRun id="02b7057c-e46c-4793-84c3-f734324e169b" name="Karan@TW1FTENVY 2014-04-28 10:25:11" runUser="TW1FTENVY\Karan" xmlns="http://microsoft.com/schemas/VisualStudio/TeamTest/2010">
  <TestSettings name="Local" id="cbb3cf31-cc5b-426d-a718-c9b63d5ad07b">
    <Description>These are default test settings for a local test run.</Description>
    <Deployment enabled="false" runDeploymentRoot="Karan_TW1FTENVY 2014-04-28 10_25_11">
      <DeploymentItem filename="C:\Users\Karan\Downloads\oKnow\trunk\OKnow\OKnow\OKnow\bin\x86\Debug\OKnow.exe" />
    </Deployment>
    <Execution>
      <TestTypeSpecific />
      <AgentRule name="Execution Agents">
      </AgentRule>
    </Execution>
  </TestSettings>
  <Times creation="2014-04-28T10:25:11.5236115-05:00" queuing="2014-04-28T10:25:12.1808949-05:00" start="2014-04-28T10:25:12.2277691-05:00" finish="2014-04-28T10:25:42.2355314-05:00" />
  <ResultSummary outcome="Completed">
    <Counters total="86" executed="86" passed="86" error="0" failed="0" timeout="0" aborted="0" inconclusive="0" passedButRunAborted="0" notRunnable="0" notExecuted="0" disconnected="0" warning="0" completed="0" inProgress="0" pending="0" />
  </ResultSummary>
  <TestDefinitions>
    <UnitTest name="TestBoardSizeParameter" storage="c:\users\karan\downloads\oknow\trunk\oknow\oknowtest\bin\debug\oknowtest.dll" id="6778bb71-07f9-d92d-7c7d-99cc9a9261d1">
      <Execution id="24ab9180-b626-42c4-a5a7-11cbc589b10c" />
      <TestMethod codeBase="C:/Users/Karan/Downloads/oKnow/trunk/OKnow/OKnowTest/bin/Debug/OKnowTest.DLL" adapterTypeName="Microsoft.VisualStudio.TestTools.TestTypes.Unit.UnitTestAdapter, Microsoft.VisualStudio.QualityTools.Tips.UnitTest.Adapter, Version=10.0.0.0, Culture=neutral, PublicKeyToken=b03f5f7f11d50a3a" className="OKnowTest.StartScreenTest, OKnowTest, Version=1.0.0.0, Culture=neutral, PublicKeyToken=null" name="TestBoardSizeParameter" />
    </UnitTest>
    <UnitTest name="QuestionNotifyTimedOutTest" storage="c:\users\karan\downloads\oknow\trunk\oknow\oknowtest\bin\debug\oknowtest.dll" id="8eeca9a8-568d-a203-d287-a4d2eed3e1dd">
      <Execution id="5db62b2f-bef2-468c-bd95-c16971ef7617" />
      <TestMethod codeBase="C:/Users/Karan/Downloads/oKnow/trunk/OKnow/OKnowTest/bin/Debug/OKnowTest.DLL" adapterTypeName="Microsoft.VisualStudio.TestTools.TestTypes.Unit.UnitTestAdapter, Microsoft.VisualStudio.QualityTools.Tips.UnitTest.Adapter, Version=10.0.0.0, Culture=neutral, PublicKeyToken=b03f5f7f11d50a3a" className="OKnowTest.AnswerAQuestionTest, OKnowTest, Version=1.0.0.0, Culture=neutral, PublicKeyToken=null" name="QuestionNotifyTimedOutTest" />
    </UnitTest>
    <UnitTest name="QuestionNotifyTimedClickTest" storage="c:\users\karan\downloads\oknow\trunk\oknow\oknowtest\bin\debug\oknowtest.dll" id="5cd02d0c-c30c-d1d5-c21e-60ac4b27c097">
      <Execution id="8a9a4f76-4ff4-48fb-9a3b-269d17b2e5b1" />
      <TestMethod codeBase="C:/Users/Karan/Downloads/oKnow/trunk/OKnow/OKnowTest/bin/Debug/OKnowTest.DLL" adapterTypeName="Microsoft.VisualStudio.TestTools.TestTypes.Unit.UnitTestAdapter, Microsoft.VisualStudio.QualityTools.Tips.UnitTest.Adapter, Version=10.0.0.0, Culture=neutral, PublicKeyToken=b03f5f7f11d50a3a" className="OKnowTest.AnswerAQuestionTest, OKnowTest, Version=1.0.0.0, Culture=neutral, PublicKeyToken=null" name="QuestionNotifyTimedClickTest" />
    </UnitTest>
    <UnitTest name="TestGetTileWeights1" storage="c:\users\karan\downloads\oknow\trunk\oknow\oknowtest\bin\debug\oknowtest.dll" id="c20bd146-2464-39ef-d365-b04794f08f52">
      <Execution id="b2aefec8-31bf-4f5b-9737-2f0a3e9c69d4" />
      <TestMethod codeBase="C:/Users/Karan/Downloads/oKnow/trunk/OKnow/OKnowTest/bin/Debug/OKnowTest.DLL" adapterTypeName="Microsoft.VisualStudio.TestTools.TestTypes.Unit.UnitTestAdapter, Microsoft.VisualStudio.QualityTools.Tips.UnitTest.Adapter, Version=10.0.0.0, Culture=neutral, PublicKeyToken=b03f5f7f11d50a3a" className="OKnowTest.StartScreenTest, OKnowTest, Version=1.0.0.0, Culture=neutral, PublicKeyToken=null" name="TestGetTileWeights1" />
    </UnitTest>
    <UnitTest name="testAnswerChoices" storage="c:\users\karan\downloads\oknow\trunk\oknow\oknowtest\bin\debug\oknowtest.dll" id="c633b636-e73d-6a16-4a3c-3a2d73d1a317">
      <Execution id="70d1fbb4-6288-4ea6-81fe-a869bac5c8c2" />
      <TestMethod codeBase="C:/Users/Karan/Downloads/oKnow/trunk/OKnow/OKnowTest/bin/Debug/OKnowTest.DLL" adapterTypeName="Microsoft.VisualStudio.TestTools.TestTypes.Unit.UnitTestAdapter, Microsoft.VisualStudio.QualityTools.Tips.UnitTest.Adapter, Version=10.0.0.0, Culture=neutral, PublicKeyToken=b03f5f7f11d50a3a" className="OKnowTest.AnswerTest, OKnowTest, Version=1.0.0.0, Culture=neutral, PublicKeyToken=null" name="testAnswerChoices" />
    </UnitTest>
    <UnitTest name="TestGetBoardSize2" storage="c:\users\karan\downloads\oknow\trunk\oknow\oknowtest\bin\debug\oknowtest.dll" id="4bf3049e-1b64-3ff0-dd36-17e394b3355e">
      <Execution id="dc6aa2fe-9096-4f3a-acfc-4f842c8b123a" />
      <TestMethod codeBase="C:/Users/Karan/Downloads/oKnow/trunk/OKnow/OKnowTest/bin/Debug/OKnowTest.DLL" adapterTypeName="Microsoft.VisualStudio.TestTools.TestTypes.Unit.UnitTestAdapter, Microsoft.VisualStudio.QualityTools.Tips.UnitTest.Adapter, Version=10.0.0.0, Culture=neutral, PublicKeyToken=b03f5f7f11d50a3a" className="OKnowTest.StartScreenTest, OKnowTest, Version=1.0.0.0, Culture=neutral, PublicKeyToken=null" name="TestGetBoardSize2" />
    </UnitTest>
    <UnitTest name="RandomSwapTestMultiplayerTest" storage="c:\users\karan\downloads\oknow\trunk\oknow\oknowtest\bin\debug\oknowtest.dll" id="9abef8b5-33da-680e-a9bc-a83df0477c5d">
      <Execution id="7c8b2f18-ab27-48eb-b89e-674e7e05411c" />
      <TestMethod codeBase="C:/Users/Karan/Downloads/oKnow/trunk/OKnow/OKnowTest/bin/Debug/OKnowTest.DLL" adapterTypeName="Microsoft.VisualStudio.TestTools.TestTypes.Unit.UnitTestAdapter, Microsoft.VisualStudio.QualityTools.Tips.UnitTest.Adapter, Version=10.0.0.0, Culture=neutral, PublicKeyToken=b03f5f7f11d50a3a" className="OKnowTest.RandomSwapTest, OKnowTest, Version=1.0.0.0, Culture=neutral, PublicKeyToken=null" name="RandomSwapTestMultiplayerTest" />
    </UnitTest>
    <UnitTest name="TestGetCurrentNumPlayers2" storage="c:\users\karan\downloads\oknow\trunk\oknow\oknowtest\bin\debug\oknowtest.dll" id="a99a0acb-4556-0740-9f3d-fecb7b1ed1f8">
      <Execution id="65e0aabf-c06d-4d6a-a7d0-086326ae6716" />
      <TestMethod codeBase="C:/Users/Karan/Downloads/oKnow/trunk/OKnow/OKnowTest/bin/Debug/OKnowTest.DLL" adapterTypeName="Microsoft.VisualStudio.TestTools.TestTypes.Unit.UnitTestAdapter, Microsoft.VisualStudio.QualityTools.Tips.UnitTest.Adapter, Version=10.0.0.0, Culture=neutral, PublicKeyToken=b03f5f7f11d50a3a" className="OKnowTest.StartScreenTest, OKnowTest, Version=1.0.0.0, Culture=neutral, PublicKeyToken=null" name="TestGetCurrentNumPlayers2" />
    </UnitTest>
    <UnitTest name="TestGetCurrentCategory4" storage="c:\users\karan\downloads\oknow\trunk\oknow\oknowtest\bin\debug\oknowtest.dll" id="0981af74-4ce1-6ad4-aeb6-cf0728ecf654">
      <Execution id="233aeeda-dc1a-42fb-affe-b82843e21e75" />
      <TestMethod codeBase="C:/Users/Karan/Downloads/oKnow/trunk/OKnow/OKnowTest/bin/Debug/OKnowTest.DLL" adapterTypeName="Microsoft.VisualStudio.TestTools.TestTypes.Unit.UnitTestAdapter, Microsoft.VisualStudio.QualityTools.Tips.UnitTest.Adapter, Version=10.0.0.0, Culture=neutral, PublicKeyToken=b03f5f7f11d50a3a" className="OKnowTest.StartScreenTest, OKnowTest, Version=1.0.0.0, Culture=neutral, PublicKeyToken=null" name="TestGetCurrentCategory4" />
    </UnitTest>
    <UnitTest name="TestGetCurrentNumPlayers3" storage="c:\users\karan\downloads\oknow\trunk\oknow\oknowtest\bin\debug\oknowtest.dll" id="b0f5a7d2-2c31-4fb3-e775-c49bc4094186">
      <Execution id="8f6142bc-3d6d-4521-8be3-82709cfe8fba" />
      <TestMethod codeBase="C:/Users/Karan/Downloads/oKnow/trunk/OKnow/OKnowTest/bin/Debug/OKnowTest.DLL" adapterTypeName="Microsoft.VisualStudio.TestTools.TestTypes.Unit.UnitTestAdapter, Microsoft.VisualStudio.QualityTools.Tips.UnitTest.Adapter, Version=10.0.0.0, Culture=neutral, PublicKeyToken=b03f5f7f11d50a3a" className="OKnowTest.StartScreenTest, OKnowTest, Version=1.0.0.0, Culture=neutral, PublicKeyToken=null" name="TestGetCurrentNumPlayers3" />
    </UnitTest>
    <UnitTest name="TestGetCurrentCategory1" storage="c:\users\karan\downloads\oknow\trunk\oknow\oknowtest\bin\debug\oknowtest.dll" id="3afc1bea-bfbf-3c8e-8104-72a764af8b32">
      <Execution id="fd7229f4-1c9a-4dad-854b-b85b80478c55" />
      <TestMethod codeBase="C:/Users/Karan/Downloads/oKnow/trunk/OKnow/OKnowTest/bin/Debug/OKnowTest.DLL" adapterTypeName="Microsoft.VisualStudio.TestTools.TestTypes.Unit.UnitTestAdapter, Microsoft.VisualStudio.QualityTools.Tips.UnitTest.Adapter, Version=10.0.0.0, Culture=neutral, PublicKeyToken=b03f5f7f11d50a3a" className="OKnowTest.StartScreenTest, OKnowTest, Version=1.0.0.0, Culture=neutral, PublicKeyToken=null" name="TestGetCurrentCategory1" />
    </UnitTest>
    <UnitTest name="PlayersTest1" storage="c:\users\karan\downloads\oknow\trunk\oknow\oknowtest\bin\debug\oknowtest.dll" id="b0b5b9af-8fcb-9aa2-b576-ea724fced88f">
      <Execution id="d9edb58f-d974-4e06-a123-f37cd5511d2d" />
      <TestMethod codeBase="C:/Users/Karan/Downloads/oKnow/trunk/OKnow/OKnowTest/bin/Debug/OKnowTest.DLL" adapterTypeName="Microsoft.VisualStudio.TestTools.TestTypes.Unit.UnitTestAdapter, Microsoft.VisualStudio.QualityTools.Tips.UnitTest.Adapter, Version=10.0.0.0, Culture=neutral, PublicKeyToken=b03f5f7f11d50a3a" className="OKnowTest.GameBoardTest, OKnowTest, Version=1.0.0.0, Culture=neutral, PublicKeyToken=null" name="PlayersTest1" />
    </UnitTest>
    <UnitTest name="MixedScoresTest" storage="c:\users\karan\downloads\oknow\trunk\oknow\oknowtest\bin\debug\oknowtest.dll" id="2f70dbba-5fa6-6c2a-feef-1fb1c7241241">
      <Execution id="15dad9d6-8957-4df1-be1f-61a31d818cb0" />
      <TestMethod codeBase="C:/Users/Karan/Downloads/oKnow/trunk/OKnow/OKnowTest/bin/Debug/OKnowTest.DLL" adapterTypeName="Microsoft.VisualStudio.TestTools.TestTypes.Unit.UnitTestAdapter, Microsoft.VisualStudio.QualityTools.Tips.UnitTest.Adapter, Version=10.0.0.0, Culture=neutral, PublicKeyToken=b03f5f7f11d50a3a" className="OKnowTest.ScoreBoardTest, OKnowTest, Version=1.0.0.0, Culture=neutral, PublicKeyToken=null" name="MixedScoresTest" />
    </UnitTest>
    <UnitTest name="QuestionNotifyIncorrectClickTest" storage="c:\users\karan\downloads\oknow\trunk\oknow\oknowtest\bin\debug\oknowtest.dll" id="bd72cabd-0ddc-9517-5a13-70031cc0d420">
      <Execution id="f87763bf-d198-4947-87c4-23c73877c58b" />
      <TestMethod codeBase="C:/Users/Karan/Downloads/oKnow/trunk/OKnow/OKnowTest/bin/Debug/OKnowTest.DLL" adapterTypeName="Microsoft.VisualStudio.TestTools.TestTypes.Unit.UnitTestAdapter, Microsoft.VisualStudio.QualityTools.Tips.UnitTest.Adapter, Version=10.0.0.0, Culture=neutral, PublicKeyToken=b03f5f7f11d50a3a" className="OKnowTest.AnswerAQuestionTest, OKnowTest, Version=1.0.0.0, Culture=neutral, PublicKeyToken=null" name="QuestionNotifyIncorrectClickTest" />
    </UnitTest>
    <UnitTest name="TestBoardTypeParameter" storage="c:\users\karan\downloads\oknow\trunk\oknow\oknowtest\bin\debug\oknowtest.dll" id="e34a6a3c-6733-dc8e-1e37-dba572bf5ace">
      <Execution id="1a59e5a2-e02d-489f-99a5-53532d7442d3" />
      <TestMethod codeBase="C:/Users/Karan/Downloads/oKnow/trunk/OKnow/OKnowTest/bin/Debug/OKnowTest.DLL" adapterTypeName="Microsoft.VisualStudio.TestTools.TestTypes.Unit.UnitTestAdapter, Microsoft.VisualStudio.QualityTools.Tips.UnitTest.Adapter, Version=10.0.0.0, Culture=neutral, PublicKeyToken=b03f5f7f11d50a3a" className="OKnowTest.StartScreenTest, OKnowTest, Version=1.0.0.0, Culture=neutral, PublicKeyToken=null" name="TestBoardTypeParameter" />
    </UnitTest>
    <UnitTest name="TestGetBoardType3" storage="c:\users\karan\downloads\oknow\trunk\oknow\oknowtest\bin\debug\oknowtest.dll" id="5eca5bcf-e850-102d-5247-e143d0a4a840">
      <Execution id="16c8e57d-0ad9-448b-863e-6b285f67dc8c" />
      <TestMethod codeBase="C:/Users/Karan/Downloads/oKnow/trunk/OKnow/OKnowTest/bin/Debug/OKnowTest.DLL" adapterTypeName="Microsoft.VisualStudio.TestTools.TestTypes.Unit.UnitTestAdapter, Microsoft.VisualStudio.QualityTools.Tips.UnitTest.Adapter, Version=10.0.0.0, Culture=neutral, PublicKeyToken=b03f5f7f11d50a3a" className="OKnowTest.StartScreenTest, OKnowTest, Version=1.0.0.0, Culture=neutral, PublicKeyToken=null" name="TestGetBoardType3" />
    </UnitTest>
    <UnitTest name="testInitialize" storage="c:\users\karan\downloads\oknow\trunk\oknow\oknowtest\bin\debug\oknowtest.dll" id="35fdcf18-0be3-5a33-49ea-9deec449ce72">
      <Execution id="8b1b594b-0a25-460a-a539-f526752cb589" />
      <TestMethod codeBase="C:/Users/Karan/Downloads/oKnow/trunk/OKnow/OKnowTest/bin/Debug/OKnowTest.DLL" adapterTypeName="Microsoft.VisualStudio.TestTools.TestTypes.Unit.UnitTestAdapter, Microsoft.VisualStudio.QualityTools.Tips.UnitTest.Adapter, Version=10.0.0.0, Culture=neutral, PublicKeyToken=b03f5f7f11d50a3a" className="OKnowTest.AnswerTest, OKnowTest, Version=1.0.0.0, Culture=neutral, PublicKeyToken=null" name="testInitialize" />
    </UnitTest>
    <UnitTest name="StartGameTest1" storage="c:\users\karan\downloads\oknow\trunk\oknow\oknowtest\bin\debug\oknowtest.dll" id="adf1bbe7-f955-f1aa-c051-332a545e94e4">
      <Execution id="ba8223b6-4447-4cbd-a65d-c273681e40ff" />
      <TestMethod codeBase="C:/Users/Karan/Downloads/oKnow/trunk/OKnow/OKnowTest/bin/Debug/OKnowTest.DLL" adapterTypeName="Microsoft.VisualStudio.TestTools.TestTypes.Unit.UnitTestAdapter, Microsoft.VisualStudio.QualityTools.Tips.UnitTest.Adapter, Version=10.0.0.0, Culture=neutral, PublicKeyToken=b03f5f7f11d50a3a" className="OKnowTest.Game1Test, OKnowTest, Version=1.0.0.0, Culture=neutral, PublicKeyToken=null" name="StartGameTest1" />
    </UnitTest>
    <UnitTest name="TestGetBoardSize3" storage="c:\users\karan\downloads\oknow\trunk\oknow\oknowtest\bin\debug\oknowtest.dll" id="d67a89bb-cceb-4395-19d1-01b4a95e49bd">
      <Execution id="75639f01-8204-45a3-a586-865296e8adbe" />
      <TestMethod codeBase="C:/Users/Karan/Downloads/oKnow/trunk/OKnow/OKnowTest/bin/Debug/OKnowTest.DLL" adapterTypeName="Microsoft.VisualStudio.TestTools.TestTypes.Unit.UnitTestAdapter, Microsoft.VisualStudio.QualityTools.Tips.UnitTest.Adapter, Version=10.0.0.0, Culture=neutral, PublicKeyToken=b03f5f7f11d50a3a" className="OKnowTest.StartScreenTest, OKnowTest, Version=1.0.0.0, Culture=neutral, PublicKeyToken=null" name="TestGetBoardSize3" />
    </UnitTest>
    <UnitTest name="TestGetCurrentCategory5" storage="c:\users\karan\downloads\oknow\trunk\oknow\oknowtest\bin\debug\oknowtest.dll" id="dbf1d0a3-6fa9-ebb2-2c02-e59981d64ed1">
      <Execution id="ed0add51-8329-4a69-8272-1ab086aa3009" />
      <TestMethod codeBase="C:/Users/Karan/Downloads/oKnow/trunk/OKnow/OKnowTest/bin/Debug/OKnowTest.DLL" adapterTypeName="Microsoft.VisualStudio.TestTools.TestTypes.Unit.UnitTestAdapter, Microsoft.VisualStudio.QualityTools.Tips.UnitTest.Adapter, Version=10.0.0.0, Culture=neutral, PublicKeyToken=b03f5f7f11d50a3a" className="OKnowTest.StartScreenTest, OKnowTest, Version=1.0.0.0, Culture=neutral, PublicKeyToken=null" name="TestGetCurrentCategory5" />
    </UnitTest>
    <UnitTest name="TestGetRandomQuestion" storage="c:\users\karan\downloads\oknow\trunk\oknow\oknowtest\bin\debug\oknowtest.dll" id="87ab6c4b-2e53-ad24-94d0-e1500744f03c">
      <Execution id="67f836ee-c82c-4794-98ab-e96fe30b106a" />
      <TestMethod codeBase="C:/Users/Karan/Downloads/oKnow/trunk/OKnow/OKnowTest/bin/Debug/OKnowTest.DLL" adapterTypeName="Microsoft.VisualStudio.TestTools.TestTypes.Unit.UnitTestAdapter, Microsoft.VisualStudio.QualityTools.Tips.UnitTest.Adapter, Version=10.0.0.0, Culture=neutral, PublicKeyToken=b03f5f7f11d50a3a" className="OKnowTest.QuestionPoolTest, OKnowTest, Version=1.0.0.0, Culture=neutral, PublicKeyToken=null" name="TestGetRandomQuestion" />
    </UnitTest>
    <UnitTest name="TestGetBoardSize4" storage="c:\users\karan\downloads\oknow\trunk\oknow\oknowtest\bin\debug\oknowtest.dll" id="807e15a2-a2d5-d883-28e3-0ba48acb3399">
      <Execution id="08770af6-666a-47d1-9723-ee1d7bc5adc6" />
      <TestMethod codeBase="C:/Users/Karan/Downloads/oKnow/trunk/OKnow/OKnowTest/bin/Debug/OKnowTest.DLL" adapterTypeName="Microsoft.VisualStudio.TestTools.TestTypes.Unit.UnitTestAdapter, Microsoft.VisualStudio.QualityTools.Tips.UnitTest.Adapter, Version=10.0.0.0, Culture=neutral, PublicKeyToken=b03f5f7f11d50a3a" className="OKnowTest.StartScreenTest, OKnowTest, Version=1.0.0.0, Culture=neutral, PublicKeyToken=null" name="TestGetBoardSize4" />
    </UnitTest>
    <UnitTest name="TestJokerTile" storage="c:\users\karan\downloads\oknow\trunk\oknow\oknowtest\bin\debug\oknowtest.dll" id="d3f09b35-b610-a3b7-aac9-aa4bbf66fea6">
      <Execution id="213e3c50-5d5a-4bfa-bc1a-bd269581231d" />
      <TestMethod codeBase="C:/Users/Karan/Downloads/oKnow/trunk/OKnow/OKnowTest/bin/Debug/OKnowTest.DLL" adapterTypeName="Microsoft.VisualStudio.TestTools.TestTypes.Unit.UnitTestAdapter, Microsoft.VisualStudio.QualityTools.Tips.UnitTest.Adapter, Version=10.0.0.0, Culture=neutral, PublicKeyToken=b03f5f7f11d50a3a" className="OKnowTest.TileTest, OKnowTest, Version=1.0.0.0, Culture=neutral, PublicKeyToken=null" name="TestJokerTile" />
    </UnitTest>
    <UnitTest name="MultiPlayerMultiCorrectScoreTest" storage="c:\users\karan\downloads\oknow\trunk\oknow\oknowtest\bin\debug\oknowtest.dll" id="32dd6141-e873-31bc-2141-154b736f81ed">
      <Execution id="5356bb3e-3d48-42a8-be46-c20e9e860505" />
      <TestMethod codeBase="C:/Users/Karan/Downloads/oKnow/trunk/OKnow/OKnowTest/bin/Debug/OKnowTest.DLL" adapterTypeName="Microsoft.VisualStudio.TestTools.TestTypes.Unit.UnitTestAdapter, Microsoft.VisualStudio.QualityTools.Tips.UnitTest.Adapter, Version=10.0.0.0, Culture=neutral, PublicKeyToken=b03f5f7f11d50a3a" className="OKnowTest.ScoreBoardTest, OKnowTest, Version=1.0.0.0, Culture=neutral, PublicKeyToken=null" name="MultiPlayerMultiCorrectScoreTest" />
    </UnitTest>
    <UnitTest name="StartGameTest2" storage="c:\users\karan\downloads\oknow\trunk\oknow\oknowtest\bin\debug\oknowtest.dll" id="8e77a49e-1ebb-33d0-321e-b1c7c45a8fa3">
      <Execution id="c9175a24-fe2f-4e30-8c6a-7c11d362003f" />
      <TestMethod codeBase="C:/Users/Karan/Downloads/oKnow/trunk/OKnow/OKnowTest/bin/Debug/OKnowTest.DLL" adapterTypeName="Microsoft.VisualStudio.TestTools.TestTypes.Unit.UnitTestAdapter, Microsoft.VisualStudio.QualityTools.Tips.UnitTest.Adapter, Version=10.0.0.0, Culture=neutral, PublicKeyToken=b03f5f7f11d50a3a" className="OKnowTest.Game1Test, OKnowTest, Version=1.0.0.0, Culture=neutral, PublicKeyToken=null" name="StartGameTest2" />
    </UnitTest>
    <UnitTest name="TileConstructorTest" storage="c:\users\karan\downloads\oknow\trunk\oknow\oknowtest\bin\debug\oknowtest.dll" id="93e1a339-56ec-6a9a-cc36-ee3412430608">
      <Execution id="bfb6a911-9523-4703-881f-06a89eef5d82" />
      <TestMethod codeBase="C:/Users/Karan/Downloads/oKnow/trunk/OKnow/OKnowTest/bin/Debug/OKnowTest.DLL" adapterTypeName="Microsoft.VisualStudio.TestTools.TestTypes.Unit.UnitTestAdapter, Microsoft.VisualStudio.QualityTools.Tips.UnitTest.Adapter, Version=10.0.0.0, Culture=neutral, PublicKeyToken=b03f5f7f11d50a3a" className="OKnowTest.PlayerTest, OKnowTest, Version=1.0.0.0, Culture=neutral, PublicKeyToken=null" name="TileConstructorTest" />
    </UnitTest>
    <UnitTest name="MultiplePlayerTest" storage="c:\users\karan\downloads\oknow\trunk\oknow\oknowtest\bin\debug\oknowtest.dll" id="d6f0928c-7367-b459-6ff5-32ca0241f57e">
      <Execution id="76e1e3e0-892d-44d2-b345-201fc9bd06ab" />
      <TestMethod codeBase="C:/Users/Karan/Downloads/oKnow/trunk/OKnow/OKnowTest/bin/Debug/OKnowTest.DLL" adapterTypeName="Microsoft.VisualStudio.TestTools.TestTypes.Unit.UnitTestAdapter, Microsoft.VisualStudio.QualityTools.Tips.UnitTest.Adapter, Version=10.0.0.0, Culture=neutral, PublicKeyToken=b03f5f7f11d50a3a" className="OKnowTest.PlayerTest, OKnowTest, Version=1.0.0.0, Culture=neutral, PublicKeyToken=null" name="MultiplePlayerTest" />
    </UnitTest>
    <UnitTest name="TestGetCurrentNumPlayers4" storage="c:\users\karan\downloads\oknow\trunk\oknow\oknowtest\bin\debug\oknowtest.dll" id="47b57d83-2c08-99b9-f3b1-14d4cde9b1e8">
      <Execution id="22459c4c-2668-4f3e-a566-dbff90b011e4" />
      <TestMethod codeBase="C:/Users/Karan/Downloads/oKnow/trunk/OKnow/OKnowTest/bin/Debug/OKnowTest.DLL" adapterTypeName="Microsoft.VisualStudio.TestTools.TestTypes.Unit.UnitTestAdapter, Microsoft.VisualStudio.QualityTools.Tips.UnitTest.Adapter, Version=10.0.0.0, Culture=neutral, PublicKeyToken=b03f5f7f11d50a3a" className="OKnowTest.StartScreenTest, OKnowTest, Version=1.0.0.0, Culture=neutral, PublicKeyToken=null" name="TestGetCurrentNumPlayers4" />
    </UnitTest>
    <UnitTest name="TestUpdateEventEquality" storage="c:\users\karan\downloads\oknow\trunk\oknow\oknowtest\bin\debug\oknowtest.dll" id="f92b1b75-bfbf-8087-5727-33e690da2f7f">
      <Execution id="70083cb6-101b-47e2-ace5-6961a8d43048" />
      <TestMethod codeBase="C:/Users/Karan/Downloads/oKnow/trunk/OKnow/OKnowTest/bin/Debug/OKnowTest.DLL" adapterTypeName="Microsoft.VisualStudio.TestTools.TestTypes.Unit.UnitTestAdapter, Microsoft.VisualStudio.QualityTools.Tips.UnitTest.Adapter, Version=10.0.0.0, Culture=neutral, PublicKeyToken=b03f5f7f11d50a3a" className="OKnowTest.IOTests.IOSubjectTest, OKnowTest, Version=1.0.0.0, Culture=neutral, PublicKeyToken=null" name="TestUpdateEventEquality" />
    </UnitTest>
    <UnitTest name="TestDeathTile" storage="c:\users\karan\downloads\oknow\trunk\oknow\oknowtest\bin\debug\oknowtest.dll" id="52f2ba69-e8af-366e-fa05-7e9d58be5419">
      <Execution id="f8d76402-81ad-4fc2-a955-7f9a6a8a8554" />
      <TestMethod codeBase="C:/Users/Karan/Downloads/oKnow/trunk/OKnow/OKnowTest/bin/Debug/OKnowTest.DLL" adapterTypeName="Microsoft.VisualStudio.TestTools.TestTypes.Unit.UnitTestAdapter, Microsoft.VisualStudio.QualityTools.Tips.UnitTest.Adapter, Version=10.0.0.0, Culture=neutral, PublicKeyToken=b03f5f7f11d50a3a" className="OKnowTest.TileTest, OKnowTest, Version=1.0.0.0, Culture=neutral, PublicKeyToken=null" name="TestDeathTile" />
    </UnitTest>
    <UnitTest name="TestGetBoardType2" storage="c:\users\karan\downloads\oknow\trunk\oknow\oknowtest\bin\debug\oknowtest.dll" id="1f781150-b373-8299-aa4f-dfdadb7bfb9b">
      <Execution id="5bc961cd-2c95-427e-b320-5b47d50de490" />
      <TestMethod codeBase="C:/Users/Karan/Downloads/oKnow/trunk/OKnow/OKnowTest/bin/Debug/OKnowTest.DLL" adapterTypeName="Microsoft.VisualStudio.TestTools.TestTypes.Unit.UnitTestAdapter, Microsoft.VisualStudio.QualityTools.Tips.UnitTest.Adapter, Version=10.0.0.0, Culture=neutral, PublicKeyToken=b03f5f7f11d50a3a" className="OKnowTest.StartScreenTest, OKnowTest, Version=1.0.0.0, Culture=neutral, PublicKeyToken=null" name="TestGetBoardType2" />
    </UnitTest>
    <UnitTest name="MultiPlayerMultiIncorrectScoreTest" storage="c:\users\karan\downloads\oknow\trunk\oknow\oknowtest\bin\debug\oknowtest.dll" id="371a4fb2-1529-7925-ea1a-b6ea6249a33b">
      <Execution id="49545862-22b9-4f4b-a7f4-d3d75d0eb108" />
      <TestMethod codeBase="C:/Users/Karan/Downloads/oKnow/trunk/OKnow/OKnowTest/bin/Debug/OKnowTest.DLL" adapterTypeName="Microsoft.VisualStudio.TestTools.TestTypes.Unit.UnitTestAdapter, Microsoft.VisualStudio.QualityTools.Tips.UnitTest.Adapter, Version=10.0.0.0, Culture=neutral, PublicKeyToken=b03f5f7f11d50a3a" className="OKnowTest.ScoreBoardTest, OKnowTest, Version=1.0.0.0, Culture=neutral, PublicKeyToken=null" name="MultiPlayerMultiIncorrectScoreTest" />
    </UnitTest>
    <UnitTest name="RandomSwapStateTest" storage="c:\users\karan\downloads\oknow\trunk\oknow\oknowtest\bin\debug\oknowtest.dll" id="d045baa8-d6d4-4e92-c213-e7d3aa09150a">
      <Execution id="95c9fd95-d5c4-4975-b1bd-76c4b69250f4" />
      <TestMethod codeBase="C:/Users/Karan/Downloads/oKnow/trunk/OKnow/OKnowTest/bin/Debug/OKnowTest.DLL" adapterTypeName="Microsoft.VisualStudio.TestTools.TestTypes.Unit.UnitTestAdapter, Microsoft.VisualStudio.QualityTools.Tips.UnitTest.Adapter, Version=10.0.0.0, Culture=neutral, PublicKeyToken=b03f5f7f11d50a3a" className="OKnowTest.RandomSwapTest, OKnowTest, Version=1.0.0.0, Culture=neutral, PublicKeyToken=null" name="RandomSwapStateTest" />
    </UnitTest>
    <UnitTest name="MultiPlayerCorrectScoreTest" storage="c:\users\karan\downloads\oknow\trunk\oknow\oknowtest\bin\debug\oknowtest.dll" id="3ebf47cf-4127-1f1d-d58e-0bdf47316ea3">
      <Execution id="22673a4b-0d1c-4106-83d6-82fcee9e04e6" />
      <TestMethod codeBase="C:/Users/Karan/Downloads/oKnow/trunk/OKnow/OKnowTest/bin/Debug/OKnowTest.DLL" adapterTypeName="Microsoft.VisualStudio.TestTools.TestTypes.Unit.UnitTestAdapter, Microsoft.VisualStudio.QualityTools.Tips.UnitTest.Adapter, Version=10.0.0.0, Culture=neutral, PublicKeyToken=b03f5f7f11d50a3a" className="OKnowTest.ScoreBoardTest, OKnowTest, Version=1.0.0.0, Culture=neutral, PublicKeyToken=null" name="MultiPlayerCorrectScoreTest" />
    </UnitTest>
    <UnitTest name="TestGetTileWeights3" storage="c:\users\karan\downloads\oknow\trunk\oknow\oknowtest\bin\debug\oknowtest.dll" id="8ceb8007-7676-c6df-f4e0-60eb5ed07aaa">
      <Execution id="4f43a44f-2010-4c31-b1fa-0788f97d22e1" />
      <TestMethod codeBase="C:/Users/Karan/Downloads/oKnow/trunk/OKnow/OKnowTest/bin/Debug/OKnowTest.DLL" adapterTypeName="Microsoft.VisualStudio.TestTools.TestTypes.Unit.UnitTestAdapter, Microsoft.VisualStudio.QualityTools.Tips.UnitTest.Adapter, Version=10.0.0.0, Culture=neutral, PublicKeyToken=b03f5f7f11d50a3a" className="OKnowTest.StartScreenTest, OKnowTest, Version=1.0.0.0, Culture=neutral, PublicKeyToken=null" name="TestGetTileWeights3" />
    </UnitTest>
    <UnitTest name="BackwardsScoresTest" storage="c:\users\karan\downloads\oknow\trunk\oknow\oknowtest\bin\debug\oknowtest.dll" id="d1cdae68-9615-5a15-fb7e-17feabe3919f">
      <Execution id="8468070b-1610-42c0-8aaa-06e898235c94" />
      <TestMethod codeBase="C:/Users/Karan/Downloads/oKnow/trunk/OKnow/OKnowTest/bin/Debug/OKnowTest.DLL" adapterTypeName="Microsoft.VisualStudio.TestTools.TestTypes.Unit.UnitTestAdapter, Microsoft.VisualStudio.QualityTools.Tips.UnitTest.Adapter, Version=10.0.0.0, Culture=neutral, PublicKeyToken=b03f5f7f11d50a3a" className="OKnowTest.ScoreBoardTest, OKnowTest, Version=1.0.0.0, Culture=neutral, PublicKeyToken=null" name="BackwardsScoresTest" />
    </UnitTest>
    <UnitTest name="TestStandardTile" storage="c:\users\karan\downloads\oknow\trunk\oknow\oknowtest\bin\debug\oknowtest.dll" id="e4ab14aa-1429-271f-5b09-0f8f32eeab9a">
      <Execution id="f20c85f9-6c89-4515-b3df-9577ccb3d110" />
      <TestMethod codeBase="C:/Users/Karan/Downloads/oKnow/trunk/OKnow/OKnowTest/bin/Debug/OKnowTest.DLL" adapterTypeName="Microsoft.VisualStudio.TestTools.TestTypes.Unit.UnitTestAdapter, Microsoft.VisualStudio.QualityTools.Tips.UnitTest.Adapter, Version=10.0.0.0, Culture=neutral, PublicKeyToken=b03f5f7f11d50a3a" className="OKnowTest.TileTest, OKnowTest, Version=1.0.0.0, Culture=neutral, PublicKeyToken=null" name="TestStandardTile" />
    </UnitTest>
    <UnitTest name="TileConstructorTest" storage="c:\users\karan\downloads\oknow\trunk\oknow\oknowtest\bin\debug\oknowtest.dll" id="77e10824-1cca-c689-50b2-ed0e80430907">
      <Execution id="eace1b30-0de5-49df-b2d2-270e6aaca94c" />
      <TestMethod codeBase="C:/Users/Karan/Downloads/oKnow/trunk/OKnow/OKnowTest/bin/Debug/OKnowTest.DLL" adapterTypeName="Microsoft.VisualStudio.TestTools.TestTypes.Unit.UnitTestAdapter, Microsoft.VisualStudio.QualityTools.Tips.UnitTest.Adapter, Version=10.0.0.0, Culture=neutral, PublicKeyToken=b03f5f7f11d50a3a" className="OKnowTest.TileTest, OKnowTest, Version=1.0.0.0, Culture=neutral, PublicKeyToken=null" name="TileConstructorTest" />
    </UnitTest>
    <UnitTest name="TestGetCurrentCategory6" storage="c:\users\karan\downloads\oknow\trunk\oknow\oknowtest\bin\debug\oknowtest.dll" id="d22d02ed-bb5c-57c7-bac8-2a4213191ea2">
      <Execution id="96ed3cff-daef-41a3-835e-ac6570d6bb19" />
      <TestMethod codeBase="C:/Users/Karan/Downloads/oKnow/trunk/OKnow/OKnowTest/bin/Debug/OKnowTest.DLL" adapterTypeName="Microsoft.VisualStudio.TestTools.TestTypes.Unit.UnitTestAdapter, Microsoft.VisualStudio.QualityTools.Tips.UnitTest.Adapter, Version=10.0.0.0, Culture=neutral, PublicKeyToken=b03f5f7f11d50a3a" className="OKnowTest.StartScreenTest, OKnowTest, Version=1.0.0.0, Culture=neutral, PublicKeyToken=null" name="TestGetCurrentCategory6" />
    </UnitTest>
    <UnitTest name="TestCategory" storage="c:\users\karan\downloads\oknow\trunk\oknow\oknowtest\bin\debug\oknowtest.dll" id="a9a9f0f1-8a6b-9673-3b72-bfc82b22d458">
      <Execution id="18b15583-b609-4076-8226-fdd885a0d8bb" />
      <TestMethod codeBase="C:/Users/Karan/Downloads/oKnow/trunk/OKnow/OKnowTest/bin/Debug/OKnowTest.DLL" adapterTypeName="Microsoft.VisualStudio.TestTools.TestTypes.Unit.UnitTestAdapter, Microsoft.VisualStudio.QualityTools.Tips.UnitTest.Adapter, Version=10.0.0.0, Culture=neutral, PublicKeyToken=b03f5f7f11d50a3a" className="OKnowTest.AnswerTest, OKnowTest, Version=1.0.0.0, Culture=neutral, PublicKeyToken=null" name="TestCategory" />
    </UnitTest>
    <UnitTest name="QuestionNotifyIncorrectKeyTest" storage="c:\users\karan\downloads\oknow\trunk\oknow\oknowtest\bin\debug\oknowtest.dll" id="60eb9c3d-cd29-58bd-5b44-c89d0731a54a">
      <Execution id="370f78d2-315f-4f39-96a0-adf3e92c6b36" />
      <TestMethod codeBase="C:/Users/Karan/Downloads/oKnow/trunk/OKnow/OKnowTest/bin/Debug/OKnowTest.DLL" adapterTypeName="Microsoft.VisualStudio.TestTools.TestTypes.Unit.UnitTestAdapter, Microsoft.VisualStudio.QualityTools.Tips.UnitTest.Adapter, Version=10.0.0.0, Culture=neutral, PublicKeyToken=b03f5f7f11d50a3a" className="OKnowTest.AnswerAQuestionTest, OKnowTest, Version=1.0.0.0, Culture=neutral, PublicKeyToken=null" name="QuestionNotifyIncorrectKeyTest" />
    </UnitTest>
    <UnitTest name="ChangeCategoryStateTest" storage="c:\users\karan\downloads\oknow\trunk\oknow\oknowtest\bin\debug\oknowtest.dll" id="17c0ccb2-7906-7e39-90cb-848a59e82687">
      <Execution id="b52131ef-a29a-4ae6-9bff-52f7b35dc314" />
      <TestMethod codeBase="C:/Users/Karan/Downloads/oKnow/trunk/OKnow/OKnowTest/bin/Debug/OKnowTest.DLL" adapterTypeName="Microsoft.VisualStudio.TestTools.TestTypes.Unit.UnitTestAdapter, Microsoft.VisualStudio.QualityTools.Tips.UnitTest.Adapter, Version=10.0.0.0, Culture=neutral, PublicKeyToken=b03f5f7f11d50a3a" className="OKnowTest.ChangeCategoryTest, OKnowTest, Version=1.0.0.0, Culture=neutral, PublicKeyToken=null" name="ChangeCategoryStateTest" />
    </UnitTest>
    <UnitTest name="TestGetTileWeights4" storage="c:\users\karan\downloads\oknow\trunk\oknow\oknowtest\bin\debug\oknowtest.dll" id="8af59718-3d2e-61c7-52a7-b3bcc998df10">
      <Execution id="2bf8e9e7-264b-4a86-b64a-c1ea1c978364" />
      <TestMethod codeBase="C:/Users/Karan/Downloads/oKnow/trunk/OKnow/OKnowTest/bin/Debug/OKnowTest.DLL" adapterTypeName="Microsoft.VisualStudio.TestTools.TestTypes.Unit.UnitTestAdapter, Microsoft.VisualStudio.QualityTools.Tips.UnitTest.Adapter, Version=10.0.0.0, Culture=neutral, PublicKeyToken=b03f5f7f11d50a3a" className="OKnowTest.StartScreenTest, OKnowTest, Version=1.0.0.0, Culture=neutral, PublicKeyToken=null" name="TestGetTileWeights4" />
    </UnitTest>
    <UnitTest name="TestGetRightArrow" storage="c:\users\karan\downloads\oknow\trunk\oknow\oknowtest\bin\debug\oknowtest.dll" id="dee46b0c-2f9d-52fc-c7b4-b5b58ca85be6">
      <Execution id="11f764fa-74d0-40ab-a24b-63beacb09841" />
      <TestMethod codeBase="C:/Users/Karan/Downloads/oKnow/trunk/OKnow/OKnowTest/bin/Debug/OKnowTest.DLL" adapterTypeName="Microsoft.VisualStudio.TestTools.TestTypes.Unit.UnitTestAdapter, Microsoft.VisualStudio.QualityTools.Tips.UnitTest.Adapter, Version=10.0.0.0, Culture=neutral, PublicKeyToken=b03f5f7f11d50a3a" className="OKnowTest.StartScreenTest, OKnowTest, Version=1.0.0.0, Culture=neutral, PublicKeyToken=null" name="TestGetRightArrow" />
    </UnitTest>
    <UnitTest name="IsAdjacentTest" storage="c:\users\karan\downloads\oknow\trunk\oknow\oknowtest\bin\debug\oknowtest.dll" id="72f264a5-7de2-336c-60e6-b904b0cc1eea">
      <Execution id="616812fd-6e20-49fa-afd0-b8b9dcf62568" />
      <TestMethod codeBase="C:/Users/Karan/Downloads/oKnow/trunk/OKnow/OKnowTest/bin/Debug/OKnowTest.DLL" adapterTypeName="Microsoft.VisualStudio.TestTools.TestTypes.Unit.UnitTestAdapter, Microsoft.VisualStudio.QualityTools.Tips.UnitTest.Adapter, Version=10.0.0.0, Culture=neutral, PublicKeyToken=b03f5f7f11d50a3a" className="OKnowTest.TileTest, OKnowTest, Version=1.0.0.0, Culture=neutral, PublicKeyToken=null" name="IsAdjacentTest" />
    </UnitTest>
    <UnitTest name="TestGetCurrentCategory2" storage="c:\users\karan\downloads\oknow\trunk\oknow\oknowtest\bin\debug\oknowtest.dll" id="f1fc9670-606b-c73a-b756-bddec5b37878">
      <Execution id="7b48666a-5555-4baa-b80e-e194bf29f3da" />
      <TestMethod codeBase="C:/Users/Karan/Downloads/oKnow/trunk/OKnow/OKnowTest/bin/Debug/OKnowTest.DLL" adapterTypeName="Microsoft.VisualStudio.TestTools.TestTypes.Unit.UnitTestAdapter, Microsoft.VisualStudio.QualityTools.Tips.UnitTest.Adapter, Version=10.0.0.0, Culture=neutral, PublicKeyToken=b03f5f7f11d50a3a" className="OKnowTest.StartScreenTest, OKnowTest, Version=1.0.0.0, Culture=neutral, PublicKeyToken=null" name="TestGetCurrentCategory2" />
    </UnitTest>
    <UnitTest name="TestGetCurrentNumPlayers1" storage="c:\users\karan\downloads\oknow\trunk\oknow\oknowtest\bin\debug\oknowtest.dll" id="957b084a-82f1-c373-da0f-c9ece73ff22b">
      <Execution id="3d22be77-db65-4550-b51c-637bcaee2d72" />
      <TestMethod codeBase="C:/Users/Karan/Downloads/oKnow/trunk/OKnow/OKnowTest/bin/Debug/OKnowTest.DLL" adapterTypeName="Microsoft.VisualStudio.TestTools.TestTypes.Unit.UnitTestAdapter, Microsoft.VisualStudio.QualityTools.Tips.UnitTest.Adapter, Version=10.0.0.0, Culture=neutral, PublicKeyToken=b03f5f7f11d50a3a" className="OKnowTest.StartScreenTest, OKnowTest, Version=1.0.0.0, Culture=neutral, PublicKeyToken=null" name="TestGetCurrentNumPlayers1" />
    </UnitTest>
    <UnitTest name="TestGetLeftArrow" storage="c:\users\karan\downloads\oknow\trunk\oknow\oknowtest\bin\debug\oknowtest.dll" id="fc6917c6-2e73-f40a-5bb6-252957ae3d5b">
      <Execution id="be7e6ecd-9e53-433d-b759-2aa264ab40cd" />
      <TestMethod codeBase="C:/Users/Karan/Downloads/oKnow/trunk/OKnow/OKnowTest/bin/Debug/OKnowTest.DLL" adapterTypeName="Microsoft.VisualStudio.TestTools.TestTypes.Unit.UnitTestAdapter, Microsoft.VisualStudio.QualityTools.Tips.UnitTest.Adapter, Version=10.0.0.0, Culture=neutral, PublicKeyToken=b03f5f7f11d50a3a" className="OKnowTest.StartScreenTest, OKnowTest, Version=1.0.0.0, Culture=neutral, PublicKeyToken=null" name="TestGetLeftArrow" />
    </UnitTest>
    <UnitTest name="TestGetCurrentCategory3" storage="c:\users\karan\downloads\oknow\trunk\oknow\oknowtest\bin\debug\oknowtest.dll" id="6d90f370-9d6b-db58-3da4-8603bcc06965">
      <Execution id="0151d435-9ce1-4915-8943-b6f13feb1167" />
      <TestMethod codeBase="C:/Users/Karan/Downloads/oKnow/trunk/OKnow/OKnowTest/bin/Debug/OKnowTest.DLL" adapterTypeName="Microsoft.VisualStudio.TestTools.TestTypes.Unit.UnitTestAdapter, Microsoft.VisualStudio.QualityTools.Tips.UnitTest.Adapter, Version=10.0.0.0, Culture=neutral, PublicKeyToken=b03f5f7f11d50a3a" className="OKnowTest.StartScreenTest, OKnowTest, Version=1.0.0.0, Culture=neutral, PublicKeyToken=null" name="TestGetCurrentCategory3" />
    </UnitTest>
    <UnitTest name="TestImageTile" storage="c:\users\karan\downloads\oknow\trunk\oknow\oknowtest\bin\debug\oknowtest.dll" id="fc573d78-4d31-4cef-4a5f-301b8eb35a18">
      <Execution id="8cc6a086-e6c2-49d5-aafd-9a67f9cf81ac" />
      <TestMethod codeBase="C:/Users/Karan/Downloads/oKnow/trunk/OKnow/OKnowTest/bin/Debug/OKnowTest.DLL" adapterTypeName="Microsoft.VisualStudio.TestTools.TestTypes.Unit.UnitTestAdapter, Microsoft.VisualStudio.QualityTools.Tips.UnitTest.Adapter, Version=10.0.0.0, Culture=neutral, PublicKeyToken=b03f5f7f11d50a3a" className="OKnowTest.TileTest, OKnowTest, Version=1.0.0.0, Culture=neutral, PublicKeyToken=null" name="TestImageTile" />
    </UnitTest>
    <UnitTest name="TestGetRandomMusicQuestion" storage="c:\users\karan\downloads\oknow\trunk\oknow\oknowtest\bin\debug\oknowtest.dll" id="0177b86e-d5fa-cf5b-7ea6-a50aa23a1f27">
      <Execution id="3280d10f-c3cc-4db0-bccc-7e5addfad96f" />
      <TestMethod codeBase="C:/Users/Karan/Downloads/oKnow/trunk/OKnow/OKnowTest/bin/Debug/OKnowTest.DLL" adapterTypeName="Microsoft.VisualStudio.TestTools.TestTypes.Unit.UnitTestAdapter, Microsoft.VisualStudio.QualityTools.Tips.UnitTest.Adapter, Version=10.0.0.0, Culture=neutral, PublicKeyToken=b03f5f7f11d50a3a" className="OKnowTest.QuestionPoolTest, OKnowTest, Version=1.0.0.0, Culture=neutral, PublicKeyToken=null" name="TestGetRandomMusicQuestion" />
    </UnitTest>
    <UnitTest name="QuestionNotifyTimedKeyTest" storage="c:\users\karan\downloads\oknow\trunk\oknow\oknowtest\bin\debug\oknowtest.dll" id="c34a7e0d-9fce-cfdd-4a03-172f1b719315">
      <Execution id="bb842235-1272-463b-86d0-d88c720d594d" />
      <TestMethod codeBase="C:/Users/Karan/Downloads/oKnow/trunk/OKnow/OKnowTest/bin/Debug/OKnowTest.DLL" adapterTypeName="Microsoft.VisualStudio.TestTools.TestTypes.Unit.UnitTestAdapter, Microsoft.VisualStudio.QualityTools.Tips.UnitTest.Adapter, Version=10.0.0.0, Culture=neutral, PublicKeyToken=b03f5f7f11d50a3a" className="OKnowTest.AnswerAQuestionTest, OKnowTest, Version=1.0.0.0, Culture=neutral, PublicKeyToken=null" name="QuestionNotifyTimedKeyTest" />
    </UnitTest>
    <UnitTest name="QuestionNotifyCorrectKeyTest" storage="c:\users\karan\downloads\oknow\trunk\oknow\oknowtest\bin\debug\oknowtest.dll" id="4241b6d4-e9df-72e9-77ef-f7714add0b73">
      <Execution id="a54d0e4f-2016-4e7e-b85c-40b3c55c00bd" />
      <TestMethod codeBase="C:/Users/Karan/Downloads/oKnow/trunk/OKnow/OKnowTest/bin/Debug/OKnowTest.DLL" adapterTypeName="Microsoft.VisualStudio.TestTools.TestTypes.Unit.UnitTestAdapter, Microsoft.VisualStudio.QualityTools.Tips.UnitTest.Adapter, Version=10.0.0.0, Culture=neutral, PublicKeyToken=b03f5f7f11d50a3a" className="OKnowTest.AnswerAQuestionTest, OKnowTest, Version=1.0.0.0, Culture=neutral, PublicKeyToken=null" name="QuestionNotifyCorrectKeyTest" />
    </UnitTest>
    <UnitTest name="TestCategoryParameter" storage="c:\users\karan\downloads\oknow\trunk\oknow\oknowtest\bin\debug\oknowtest.dll" id="ff82c0df-2a18-5756-6f34-2753161d947c">
      <Execution id="6fb0714b-011f-4c68-8c6b-afc7da46526e" />
      <TestMethod codeBase="C:/Users/Karan/Downloads/oKnow/trunk/OKnow/OKnowTest/bin/Debug/OKnowTest.DLL" adapterTypeName="Microsoft.VisualStudio.TestTools.TestTypes.Unit.UnitTestAdapter, Microsoft.VisualStudio.QualityTools.Tips.UnitTest.Adapter, Version=10.0.0.0, Culture=neutral, PublicKeyToken=b03f5f7f11d50a3a" className="OKnowTest.StartScreenTest, OKnowTest, Version=1.0.0.0, Culture=neutral, PublicKeyToken=null" name="TestCategoryParameter" />
    </UnitTest>
    <UnitTest name="ResetAttemptsStateTest" storage="c:\users\karan\downloads\oknow\trunk\oknow\oknowtest\bin\debug\oknowtest.dll" id="5f9ff485-80f0-1581-b8ce-68cc871f9745">
      <Execution id="2813168f-914e-4a26-a4b7-2338824633f7" />
      <TestMethod codeBase="C:/Users/Karan/Downloads/oKnow/trunk/OKnow/OKnowTest/bin/Debug/OKnowTest.DLL" adapterTypeName="Microsoft.VisualStudio.TestTools.TestTypes.Unit.UnitTestAdapter, Microsoft.VisualStudio.QualityTools.Tips.UnitTest.Adapter, Version=10.0.0.0, Culture=neutral, PublicKeyToken=b03f5f7f11d50a3a" className="OKnowTest.ResetAttemptsTest, OKnowTest, Version=1.0.0.0, Culture=neutral, PublicKeyToken=null" name="ResetAttemptsStateTest" />
    </UnitTest>
    <UnitTest name="TestUpdate" storage="c:\users\karan\downloads\oknow\trunk\oknow\oknowtest\bin\debug\oknowtest.dll" id="d0ddb7c1-ff4a-b3fe-6f4c-174f7a2fe81e">
      <Execution id="3641ba77-7f6c-47ed-b0c3-1d2d3d8f01fa" />
      <TestMethod codeBase="C:/Users/Karan/Downloads/oKnow/trunk/OKnow/OKnowTest/bin/Debug/OKnowTest.DLL" adapterTypeName="Microsoft.VisualStudio.TestTools.TestTypes.Unit.UnitTestAdapter, Microsoft.VisualStudio.QualityTools.Tips.UnitTest.Adapter, Version=10.0.0.0, Culture=neutral, PublicKeyToken=b03f5f7f11d50a3a" className="OKnowTest.IOTests.IOSubjectTest, OKnowTest, Version=1.0.0.0, Culture=neutral, PublicKeyToken=null" name="TestUpdate" />
    </UnitTest>
    <UnitTest name="TestGetTileWeights2" storage="c:\users\karan\downloads\oknow\trunk\oknow\oknowtest\bin\debug\oknowtest.dll" id="ecd731c8-fde0-3cdb-6310-8c028479e7fa">
      <Execution id="1d774320-4586-423c-9743-803246697d59" />
      <TestMethod codeBase="C:/Users/Karan/Downloads/oKnow/trunk/OKnow/OKnowTest/bin/Debug/OKnowTest.DLL" adapterTypeName="Microsoft.VisualStudio.TestTools.TestTypes.Unit.UnitTestAdapter, Microsoft.VisualStudio.QualityTools.Tips.UnitTest.Adapter, Version=10.0.0.0, Culture=neutral, PublicKeyToken=b03f5f7f11d50a3a" className="OKnowTest.StartScreenTest, OKnowTest, Version=1.0.0.0, Culture=neutral, PublicKeyToken=null" name="TestGetTileWeights2" />
    </UnitTest>
    <UnitTest name="PlayerScoreTest" storage="c:\users\karan\downloads\oknow\trunk\oknow\oknowtest\bin\debug\oknowtest.dll" id="96895812-5ec4-e95c-f82b-714f21329505">
      <Execution id="d29f392d-8f6b-4cea-b607-4642b13039a7" />
      <TestMethod codeBase="C:/Users/Karan/Downloads/oKnow/trunk/OKnow/OKnowTest/bin/Debug/OKnowTest.DLL" adapterTypeName="Microsoft.VisualStudio.TestTools.TestTypes.Unit.UnitTestAdapter, Microsoft.VisualStudio.QualityTools.Tips.UnitTest.Adapter, Version=10.0.0.0, Culture=neutral, PublicKeyToken=b03f5f7f11d50a3a" className="OKnowTest.ScoreBoardTest, OKnowTest, Version=1.0.0.0, Culture=neutral, PublicKeyToken=null" name="PlayerScoreTest" />
    </UnitTest>
    <UnitTest name="TestPlayerScoreParameter" storage="c:\users\karan\downloads\oknow\trunk\oknow\oknowtest\bin\debug\oknowtest.dll" id="14c76d6e-baba-abce-271f-bb53095ef8bb">
      <Execution id="6c191dc0-d2a4-4c58-a14a-6c7c17ccaec1" />
      <TestMethod codeBase="C:/Users/Karan/Downloads/oKnow/trunk/OKnow/OKnowTest/bin/Debug/OKnowTest.DLL" adapterTypeName="Microsoft.VisualStudio.TestTools.TestTypes.Unit.UnitTestAdapter, Microsoft.VisualStudio.QualityTools.Tips.UnitTest.Adapter, Version=10.0.0.0, Culture=neutral, PublicKeyToken=b03f5f7f11d50a3a" className="OKnowTest.AnswerAQuestionTest, OKnowTest, Version=1.0.0.0, Culture=neutral, PublicKeyToken=null" name="TestPlayerScoreParameter" />
    </UnitTest>
    <UnitTest name="TestGetTileWeights5" storage="c:\users\karan\downloads\oknow\trunk\oknow\oknowtest\bin\debug\oknowtest.dll" id="55d77cb0-6d32-2d7e-5769-969f37383ed7">
      <Execution id="8c97b541-ebcd-4aee-aa79-fa1c1e5de39d" />
      <TestMethod codeBase="C:/Users/Karan/Downloads/oKnow/trunk/OKnow/OKnowTest/bin/Debug/OKnowTest.DLL" adapterTypeName="Microsoft.VisualStudio.TestTools.TestTypes.Unit.UnitTestAdapter, Microsoft.VisualStudio.QualityTools.Tips.UnitTest.Adapter, Version=10.0.0.0, Culture=neutral, PublicKeyToken=b03f5f7f11d50a3a" className="OKnowTest.StartScreenTest, OKnowTest, Version=1.0.0.0, Culture=neutral, PublicKeyToken=null" name="TestGetTileWeights5" />
    </UnitTest>
    <UnitTest name="GetSetPlayerTileTest" storage="c:\users\karan\downloads\oknow\trunk\oknow\oknowtest\bin\debug\oknowtest.dll" id="f0bdd7dd-7cef-1459-6d80-5f06a72cf810">
      <Execution id="eaab315a-51f7-44e4-aa4b-6b2f6c74a6b1" />
      <TestMethod codeBase="C:/Users/Karan/Downloads/oKnow/trunk/OKnow/OKnowTest/bin/Debug/OKnowTest.DLL" adapterTypeName="Microsoft.VisualStudio.TestTools.TestTypes.Unit.UnitTestAdapter, Microsoft.VisualStudio.QualityTools.Tips.UnitTest.Adapter, Version=10.0.0.0, Culture=neutral, PublicKeyToken=b03f5f7f11d50a3a" className="OKnowTest.PlayerTest, OKnowTest, Version=1.0.0.0, Culture=neutral, PublicKeyToken=null" name="GetSetPlayerTileTest" />
    </UnitTest>
    <UnitTest name="TwoPlayerSwapTest" storage="c:\users\karan\downloads\oknow\trunk\oknow\oknowtest\bin\debug\oknowtest.dll" id="09c838a6-25f6-fa3c-1eab-ebb143fae11f">
      <Execution id="a5dc10d2-c3be-401f-a77f-1266d0a34ce6" />
      <TestMethod codeBase="C:/Users/Karan/Downloads/oKnow/trunk/OKnow/OKnowTest/bin/Debug/OKnowTest.DLL" adapterTypeName="Microsoft.VisualStudio.TestTools.TestTypes.Unit.UnitTestAdapter, Microsoft.VisualStudio.QualityTools.Tips.UnitTest.Adapter, Version=10.0.0.0, Culture=neutral, PublicKeyToken=b03f5f7f11d50a3a" className="OKnowTest.ScoreBoardTest, OKnowTest, Version=1.0.0.0, Culture=neutral, PublicKeyToken=null" name="TwoPlayerSwapTest" />
    </UnitTest>
    <UnitTest name="TestGetBoardSize6" storage="c:\users\karan\downloads\oknow\trunk\oknow\oknowtest\bin\debug\oknowtest.dll" id="c5d159c1-8bb5-ccd3-b00d-54985d2cbab0">
      <Execution id="ebacbda6-f4c3-41ab-a6b6-47e5638ad107" />
      <TestMethod codeBase="C:/Users/Karan/Downloads/oKnow/trunk/OKnow/OKnowTest/bin/Debug/OKnowTest.DLL" adapterTypeName="Microsoft.VisualStudio.TestTools.TestTypes.Unit.UnitTestAdapter, Microsoft.VisualStudio.QualityTools.Tips.UnitTest.Adapter, Version=10.0.0.0, Culture=neutral, PublicKeyToken=b03f5f7f11d50a3a" className="OKnowTest.StartScreenTest, OKnowTest, Version=1.0.0.0, Culture=neutral, PublicKeyToken=null" name="TestGetBoardSize6" />
    </UnitTest>
    <UnitTest name="GetSetPlayerNameTest" storage="c:\users\karan\downloads\oknow\trunk\oknow\oknowtest\bin\debug\oknowtest.dll" id="c4cd8056-c9ff-caf6-98af-4ccd1972a29a">
      <Execution id="4133a836-c70a-4329-9590-5b7e9bd7ddeb" />
      <TestMethod codeBase="C:/Users/Karan/Downloads/oKnow/trunk/OKnow/OKnowTest/bin/Debug/OKnowTest.DLL" adapterTypeName="Microsoft.VisualStudio.TestTools.TestTypes.Unit.UnitTestAdapter, Microsoft.VisualStudio.QualityTools.Tips.UnitTest.Adapter, Version=10.0.0.0, Culture=neutral, PublicKeyToken=b03f5f7f11d50a3a" className="OKnowTest.PlayerTest, OKnowTest, Version=1.0.0.0, Culture=neutral, PublicKeyToken=null" name="GetSetPlayerNameTest" />
    </UnitTest>
    <UnitTest name="PlayersTest2" storage="c:\users\karan\downloads\oknow\trunk\oknow\oknowtest\bin\debug\oknowtest.dll" id="e0382ce5-6740-35b3-fff5-be32133f4b54">
      <Execution id="77aa02ab-f5d9-4da7-9729-59b65fa9d085" />
      <TestMethod codeBase="C:/Users/Karan/Downloads/oKnow/trunk/OKnow/OKnowTest/bin/Debug/OKnowTest.DLL" adapterTypeName="Microsoft.VisualStudio.TestTools.TestTypes.Unit.UnitTestAdapter, Microsoft.VisualStudio.QualityTools.Tips.UnitTest.Adapter, Version=10.0.0.0, Culture=neutral, PublicKeyToken=b03f5f7f11d50a3a" className="OKnowTest.GameBoardTest, OKnowTest, Version=1.0.0.0, Culture=neutral, PublicKeyToken=null" name="PlayersTest2" />
    </UnitTest>
    <UnitTest name="TestMusicTile" storage="c:\users\karan\downloads\oknow\trunk\oknow\oknowtest\bin\debug\oknowtest.dll" id="3a6c85dc-ff2e-cb74-a68e-e4c4f59a65bd">
      <Execution id="4a2ab18d-15b6-44ca-948b-4eef3e9c2dc7" />
      <TestMethod codeBase="C:/Users/Karan/Downloads/oKnow/trunk/OKnow/OKnowTest/bin/Debug/OKnowTest.DLL" adapterTypeName="Microsoft.VisualStudio.TestTools.TestTypes.Unit.UnitTestAdapter, Microsoft.VisualStudio.QualityTools.Tips.UnitTest.Adapter, Version=10.0.0.0, Culture=neutral, PublicKeyToken=b03f5f7f11d50a3a" className="OKnowTest.TileTest, OKnowTest, Version=1.0.0.0, Culture=neutral, PublicKeyToken=null" name="TestMusicTile" />
    </UnitTest>
    <UnitTest name="KeyIsNotDownEvent" storage="c:\users\karan\downloads\oknow\trunk\oknow\oknowtest\bin\debug\oknowtest.dll" id="23e952be-43ac-69f6-e773-dec25ec58275">
      <Execution id="6f2aefde-e966-47e3-807d-5555e6f38c54" />
      <TestMethod codeBase="C:/Users/Karan/Downloads/oKnow/trunk/OKnow/OKnowTest/bin/Debug/OKnowTest.DLL" adapterTypeName="Microsoft.VisualStudio.TestTools.TestTypes.Unit.UnitTestAdapter, Microsoft.VisualStudio.QualityTools.Tips.UnitTest.Adapter, Version=10.0.0.0, Culture=neutral, PublicKeyToken=b03f5f7f11d50a3a" className="OKnowTest.KeyDownEventTest, OKnowTest, Version=1.0.0.0, Culture=neutral, PublicKeyToken=null" name="KeyIsNotDownEvent" />
    </UnitTest>
    <UnitTest name="SkipQuestionStateTest" storage="c:\users\karan\downloads\oknow\trunk\oknow\oknowtest\bin\debug\oknowtest.dll" id="a55ea7c9-eabb-9207-ac1a-8e11aa747df4">
      <Execution id="7e9e1e87-f1ee-49f8-8409-abf03bdddf71" />
      <TestMethod codeBase="C:/Users/Karan/Downloads/oKnow/trunk/OKnow/OKnowTest/bin/Debug/OKnowTest.DLL" adapterTypeName="Microsoft.VisualStudio.TestTools.TestTypes.Unit.UnitTestAdapter, Microsoft.VisualStudio.QualityTools.Tips.UnitTest.Adapter, Version=10.0.0.0, Culture=neutral, PublicKeyToken=b03f5f7f11d50a3a" className="OKnowTest.SkipAQuestionTest, OKnowTest, Version=1.0.0.0, Culture=neutral, PublicKeyToken=null" name="SkipQuestionStateTest" />
    </UnitTest>
    <UnitTest name="GetSetBoardXTest" storage="c:\users\karan\downloads\oknow\trunk\oknow\oknowtest\bin\debug\oknowtest.dll" id="42431ad3-b2fa-3a89-f07f-b02ce47f85e3">
      <Execution id="dc581667-ce57-4b8f-a4c9-c7f85c22834e" />
      <TestMethod codeBase="C:/Users/Karan/Downloads/oKnow/trunk/OKnow/OKnowTest/bin/Debug/OKnowTest.DLL" adapterTypeName="Microsoft.VisualStudio.TestTools.TestTypes.Unit.UnitTestAdapter, Microsoft.VisualStudio.QualityTools.Tips.UnitTest.Adapter, Version=10.0.0.0, Culture=neutral, PublicKeyToken=b03f5f7f11d50a3a" className="OKnowTest.TileTest, OKnowTest, Version=1.0.0.0, Culture=neutral, PublicKeyToken=null" name="GetSetBoardXTest" />
    </UnitTest>
    <UnitTest name="TestUpdateEventInequality" storage="c:\users\karan\downloads\oknow\trunk\oknow\oknowtest\bin\debug\oknowtest.dll" id="7e5b7cb7-b731-5fcc-3da1-9df84dfa3118">
      <Execution id="d8bf7927-8516-430c-af20-d53351f438f2" />
      <TestMethod codeBase="C:/Users/Karan/Downloads/oKnow/trunk/OKnow/OKnowTest/bin/Debug/OKnowTest.DLL" adapterTypeName="Microsoft.VisualStudio.TestTools.TestTypes.Unit.UnitTestAdapter, Microsoft.VisualStudio.QualityTools.Tips.UnitTest.Adapter, Version=10.0.0.0, Culture=neutral, PublicKeyToken=b03f5f7f11d50a3a" className="OKnowTest.IOTests.IOSubjectTest, OKnowTest, Version=1.0.0.0, Culture=neutral, PublicKeyToken=null" name="TestUpdateEventInequality" />
    </UnitTest>
    <UnitTest name="MultiPlayerIncorrectScoreTest" storage="c:\users\karan\downloads\oknow\trunk\oknow\oknowtest\bin\debug\oknowtest.dll" id="36411a89-5ee3-acf1-7ac9-7780454d7007">
      <Execution id="275ca102-7e76-4442-b073-925e3bc017e8" />
      <TestMethod codeBase="C:/Users/Karan/Downloads/oKnow/trunk/OKnow/OKnowTest/bin/Debug/OKnowTest.DLL" adapterTypeName="Microsoft.VisualStudio.TestTools.TestTypes.Unit.UnitTestAdapter, Microsoft.VisualStudio.QualityTools.Tips.UnitTest.Adapter, Version=10.0.0.0, Culture=neutral, PublicKeyToken=b03f5f7f11d50a3a" className="OKnowTest.ScoreBoardTest, OKnowTest, Version=1.0.0.0, Culture=neutral, PublicKeyToken=null" name="MultiPlayerIncorrectScoreTest" />
    </UnitTest>
    <UnitTest name="TestGetCurrentNumPlayers5" storage="c:\users\karan\downloads\oknow\trunk\oknow\oknowtest\bin\debug\oknowtest.dll" id="7da4a519-5129-89a7-3d39-c6df56ad0742">
      <Execution id="8ee72fa4-f7d6-48ac-b15b-e5999868282d" />
      <TestMethod codeBase="C:/Users/Karan/Downloads/oKnow/trunk/OKnow/OKnowTest/bin/Debug/OKnowTest.DLL" adapterTypeName="Microsoft.VisualStudio.TestTools.TestTypes.Unit.UnitTestAdapter, Microsoft.VisualStudio.QualityTools.Tips.UnitTest.Adapter, Version=10.0.0.0, Culture=neutral, PublicKeyToken=b03f5f7f11d50a3a" className="OKnowTest.StartScreenTest, OKnowTest, Version=1.0.0.0, Culture=neutral, PublicKeyToken=null" name="TestGetCurrentNumPlayers5" />
    </UnitTest>
    <UnitTest name="KeyIsDownEvent" storage="c:\users\karan\downloads\oknow\trunk\oknow\oknowtest\bin\debug\oknowtest.dll" id="083d22d7-fcb7-fbb5-cd62-3b304677a5ce">
      <Execution id="687a3387-5c29-4263-ad54-a12d7f29c92a" />
      <TestMethod codeBase="C:/Users/Karan/Downloads/oKnow/trunk/OKnow/OKnowTest/bin/Debug/OKnowTest.DLL" adapterTypeName="Microsoft.VisualStudio.TestTools.TestTypes.Unit.UnitTestAdapter, Microsoft.VisualStudio.QualityTools.Tips.UnitTest.Adapter, Version=10.0.0.0, Culture=neutral, PublicKeyToken=b03f5f7f11d50a3a" className="OKnowTest.KeyDownEventTest, OKnowTest, Version=1.0.0.0, Culture=neutral, PublicKeyToken=null" name="KeyIsDownEvent" />
    </UnitTest>
    <UnitTest name="VictoryTest" storage="c:\users\karan\downloads\oknow\trunk\oknow\oknowtest\bin\debug\oknowtest.dll" id="212fceb0-e09b-bfef-a8c4-50fb8b97b08a">
      <Execution id="6a447510-cf00-4783-867c-b195a8ed6e45" />
      <TestMethod codeBase="C:/Users/Karan/Downloads/oKnow/trunk/OKnow/OKnowTest/bin/Debug/OKnowTest.DLL" adapterTypeName="Microsoft.VisualStudio.TestTools.TestTypes.Unit.UnitTestAdapter, Microsoft.VisualStudio.QualityTools.Tips.UnitTest.Adapter, Version=10.0.0.0, Culture=neutral, PublicKeyToken=b03f5f7f11d50a3a" className="OKnowTest.PlayerTest, OKnowTest, Version=1.0.0.0, Culture=neutral, PublicKeyToken=null" name="VictoryTest" />
    </UnitTest>
    <UnitTest name="TestGetTileWeights6" storage="c:\users\karan\downloads\oknow\trunk\oknow\oknowtest\bin\debug\oknowtest.dll" id="f4bb3496-6bd5-68d7-1206-ecefa5c9b63a">
      <Execution id="8ae8cda5-463e-44ea-b2aa-4882190b9701" />
      <TestMethod codeBase="C:/Users/Karan/Downloads/oKnow/trunk/OKnow/OKnowTest/bin/Debug/OKnowTest.DLL" adapterTypeName="Microsoft.VisualStudio.TestTools.TestTypes.Unit.UnitTestAdapter, Microsoft.VisualStudio.QualityTools.Tips.UnitTest.Adapter, Version=10.0.0.0, Culture=neutral, PublicKeyToken=b03f5f7f11d50a3a" className="OKnowTest.StartScreenTest, OKnowTest, Version=1.0.0.0, Culture=neutral, PublicKeyToken=null" name="TestGetTileWeights6" />
    </UnitTest>
    <UnitTest name="TestGetBoardSize1" storage="c:\users\karan\downloads\oknow\trunk\oknow\oknowtest\bin\debug\oknowtest.dll" id="637f974a-a7ea-1e81-c804-340f4859c6bd">
      <Execution id="6fc6e80d-b496-4d01-bd1f-4ba95e6b1897" />
      <TestMethod codeBase="C:/Users/Karan/Downloads/oKnow/trunk/OKnow/OKnowTest/bin/Debug/OKnowTest.DLL" adapterTypeName="Microsoft.VisualStudio.TestTools.TestTypes.Unit.UnitTestAdapter, Microsoft.VisualStudio.QualityTools.Tips.UnitTest.Adapter, Version=10.0.0.0, Culture=neutral, PublicKeyToken=b03f5f7f11d50a3a" className="OKnowTest.StartScreenTest, OKnowTest, Version=1.0.0.0, Culture=neutral, PublicKeyToken=null" name="TestGetBoardSize1" />
    </UnitTest>
    <UnitTest name="TestGetBoardType1" storage="c:\users\karan\downloads\oknow\trunk\oknow\oknowtest\bin\debug\oknowtest.dll" id="72930ef5-1352-8999-7ef5-823ed3666126">
      <Execution id="24638eb3-1bd0-46d7-8182-0c34fd250a6c" />
      <TestMethod codeBase="C:/Users/Karan/Downloads/oKnow/trunk/OKnow/OKnowTest/bin/Debug/OKnowTest.DLL" adapterTypeName="Microsoft.VisualStudio.TestTools.TestTypes.Unit.UnitTestAdapter, Microsoft.VisualStudio.QualityTools.Tips.UnitTest.Adapter, Version=10.0.0.0, Culture=neutral, PublicKeyToken=b03f5f7f11d50a3a" className="OKnowTest.StartScreenTest, OKnowTest, Version=1.0.0.0, Culture=neutral, PublicKeyToken=null" name="TestGetBoardType1" />
    </UnitTest>
    <UnitTest name="TestNumPlayersParameter" storage="c:\users\karan\downloads\oknow\trunk\oknow\oknowtest\bin\debug\oknowtest.dll" id="f7fd56b8-376d-ce9f-bfd5-273500f7ad17">
      <Execution id="8d003994-744d-4730-b781-f68c6a6b8a9c" />
      <TestMethod codeBase="C:/Users/Karan/Downloads/oKnow/trunk/OKnow/OKnowTest/bin/Debug/OKnowTest.DLL" adapterTypeName="Microsoft.VisualStudio.TestTools.TestTypes.Unit.UnitTestAdapter, Microsoft.VisualStudio.QualityTools.Tips.UnitTest.Adapter, Version=10.0.0.0, Culture=neutral, PublicKeyToken=b03f5f7f11d50a3a" className="OKnowTest.StartScreenTest, OKnowTest, Version=1.0.0.0, Culture=neutral, PublicKeyToken=null" name="TestNumPlayersParameter" />
    </UnitTest>
    <UnitTest name="QuestionNotifyCorrectClickTest" storage="c:\users\karan\downloads\oknow\trunk\oknow\oknowtest\bin\debug\oknowtest.dll" id="23883945-af6d-c48a-20a2-7a04c60637c8">
      <Execution id="ec0db75a-2b82-467e-9943-f9ff9e8f1a60" />
      <TestMethod codeBase="C:/Users/Karan/Downloads/oKnow/trunk/OKnow/OKnowTest/bin/Debug/OKnowTest.DLL" adapterTypeName="Microsoft.VisualStudio.TestTools.TestTypes.Unit.UnitTestAdapter, Microsoft.VisualStudio.QualityTools.Tips.UnitTest.Adapter, Version=10.0.0.0, Culture=neutral, PublicKeyToken=b03f5f7f11d50a3a" className="OKnowTest.AnswerAQuestionTest, OKnowTest, Version=1.0.0.0, Culture=neutral, PublicKeyToken=null" name="QuestionNotifyCorrectClickTest" />
    </UnitTest>
    <UnitTest name="TestGetBoardSize5" storage="c:\users\karan\downloads\oknow\trunk\oknow\oknowtest\bin\debug\oknowtest.dll" id="9c47cf71-2778-c1b6-7bd1-79f38ad76329">
      <Execution id="aaa97ffc-fbe3-4c12-9325-d48e49c09224" />
      <TestMethod codeBase="C:/Users/Karan/Downloads/oKnow/trunk/OKnow/OKnowTest/bin/Debug/OKnowTest.DLL" adapterTypeName="Microsoft.VisualStudio.TestTools.TestTypes.Unit.UnitTestAdapter, Microsoft.VisualStudio.QualityTools.Tips.UnitTest.Adapter, Version=10.0.0.0, Culture=neutral, PublicKeyToken=b03f5f7f11d50a3a" className="OKnowTest.StartScreenTest, OKnowTest, Version=1.0.0.0, Culture=neutral, PublicKeyToken=null" name="TestGetBoardSize5" />
    </UnitTest>
    <UnitTest name="testGetRand" storage="c:\users\karan\downloads\oknow\trunk\oknow\oknowtest\bin\debug\oknowtest.dll" id="3e6d226b-4bb5-5427-0a53-d601701ece07">
      <Execution id="c837220c-c3bd-49c4-8a00-ce53b6ccd5fc" />
      <TestMethod codeBase="C:/Users/Karan/Downloads/oKnow/trunk/OKnow/OKnowTest/bin/Debug/OKnowTest.DLL" adapterTypeName="Microsoft.VisualStudio.TestTools.TestTypes.Unit.UnitTestAdapter, Microsoft.VisualStudio.QualityTools.Tips.UnitTest.Adapter, Version=10.0.0.0, Culture=neutral, PublicKeyToken=b03f5f7f11d50a3a" className="OKnowTest.AnswerTest, OKnowTest, Version=1.0.0.0, Culture=neutral, PublicKeyToken=null" name="testGetRand" />
    </UnitTest>
    <UnitTest name="TestGetRandomImageQuestion" storage="c:\users\karan\downloads\oknow\trunk\oknow\oknowtest\bin\debug\oknowtest.dll" id="604165a1-c7e2-e583-c8fc-41ba1842763f">
      <Execution id="7a3fb1db-b2e0-4b50-81ed-77d6d2f4eb6c" />
      <TestMethod codeBase="C:/Users/Karan/Downloads/oKnow/trunk/OKnow/OKnowTest/bin/Debug/OKnowTest.DLL" adapterTypeName="Microsoft.VisualStudio.TestTools.TestTypes.Unit.UnitTestAdapter, Microsoft.VisualStudio.QualityTools.Tips.UnitTest.Adapter, Version=10.0.0.0, Culture=neutral, PublicKeyToken=b03f5f7f11d50a3a" className="OKnowTest.QuestionPoolTest, OKnowTest, Version=1.0.0.0, Culture=neutral, PublicKeyToken=null" name="TestGetRandomImageQuestion" />
    </UnitTest>
    <UnitTest name="PlayerMoveStateTest" storage="c:\users\karan\downloads\oknow\trunk\oknow\oknowtest\bin\debug\oknowtest.dll" id="c5f604eb-bb73-2ed4-4b97-3223456ec415">
      <Execution id="01cf4a1d-7b95-4a98-81d9-2efa4757271c" />
      <TestMethod codeBase="C:/Users/Karan/Downloads/oKnow/trunk/OKnow/OKnowTest/bin/Debug/OKnowTest.DLL" adapterTypeName="Microsoft.VisualStudio.TestTools.TestTypes.Unit.UnitTestAdapter, Microsoft.VisualStudio.QualityTools.Tips.UnitTest.Adapter, Version=10.0.0.0, Culture=neutral, PublicKeyToken=b03f5f7f11d50a3a" className="OKnowTest.AnswerAQuestionTest, OKnowTest, Version=1.0.0.0, Culture=neutral, PublicKeyToken=null" name="PlayerMoveStateTest" />
    </UnitTest>
    <UnitTest name="TestQuestionType" storage="c:\users\karan\downloads\oknow\trunk\oknow\oknowtest\bin\debug\oknowtest.dll" id="932006bf-cc9a-1649-4dd2-a8c07ced02bd">
      <Execution id="d86ca0c6-869f-454e-84f8-7051c8a98852" />
      <TestMethod codeBase="C:/Users/Karan/Downloads/oKnow/trunk/OKnow/OKnowTest/bin/Debug/OKnowTest.DLL" adapterTypeName="Microsoft.VisualStudio.TestTools.TestTypes.Unit.UnitTestAdapter, Microsoft.VisualStudio.QualityTools.Tips.UnitTest.Adapter, Version=10.0.0.0, Culture=neutral, PublicKeyToken=b03f5f7f11d50a3a" className="OKnowTest.QuestionTest, OKnowTest, Version=1.0.0.0, Culture=neutral, PublicKeyToken=null" name="TestQuestionType" />
    </UnitTest>
    <UnitTest name="GetSetBoardYTest" storage="c:\users\karan\downloads\oknow\trunk\oknow\oknowtest\bin\debug\oknowtest.dll" id="2ee5ec05-43c5-a370-94e2-7ce68113ecd3">
      <Execution id="57c7c7f8-b4f3-43a3-81a5-0547a40d3612" />
      <TestMethod codeBase="C:/Users/Karan/Downloads/oKnow/trunk/OKnow/OKnowTest/bin/Debug/OKnowTest.DLL" adapterTypeName="Microsoft.VisualStudio.TestTools.TestTypes.Unit.UnitTestAdapter, Microsoft.VisualStudio.QualityTools.Tips.UnitTest.Adapter, Version=10.0.0.0, Culture=neutral, PublicKeyToken=b03f5f7f11d50a3a" className="OKnowTest.TileTest, OKnowTest, Version=1.0.0.0, Culture=neutral, PublicKeyToken=null" name="GetSetBoardYTest" />
    </UnitTest>
    <UnitTest name="TestGetCurrentNumPlayers6" storage="c:\users\karan\downloads\oknow\trunk\oknow\oknowtest\bin\debug\oknowtest.dll" id="4b07ec87-2578-4a11-af32-e14de6fedfb0">
      <Execution id="95e195b6-6370-4e5d-8d2e-ab48c32a2dc2" />
      <TestMethod codeBase="C:/Users/Karan/Downloads/oKnow/trunk/OKnow/OKnowTest/bin/Debug/OKnowTest.DLL" adapterTypeName="Microsoft.VisualStudio.TestTools.TestTypes.Unit.UnitTestAdapter, Microsoft.VisualStudio.QualityTools.Tips.UnitTest.Adapter, Version=10.0.0.0, Culture=neutral, PublicKeyToken=b03f5f7f11d50a3a" className="OKnowTest.StartScreenTest, OKnowTest, Version=1.0.0.0, Culture=neutral, PublicKeyToken=null" name="TestGetCurrentNumPlayers6" />
    </UnitTest>
  </TestDefinitions>
  <TestLists>
    <TestList name="Results Not in a List" id="8c84fa94-04c1-424b-9868-57a2d4851a1d" />
    <TestList name="All Loaded Results" id="19431567-8539-422a-85d7-44ee4e166bda" />
  </TestLists>
  <TestEntries>
    <TestEntry testId="d0ddb7c1-ff4a-b3fe-6f4c-174f7a2fe81e" executionId="3641ba77-7f6c-47ed-b0c3-1d2d3d8f01fa" testListId="8c84fa94-04c1-424b-9868-57a2d4851a1d" />
    <TestEntry testId="f92b1b75-bfbf-8087-5727-33e690da2f7f" executionId="70083cb6-101b-47e2-ace5-6961a8d43048" testListId="8c84fa94-04c1-424b-9868-57a2d4851a1d" />
    <TestEntry testId="7e5b7cb7-b731-5fcc-3da1-9df84dfa3118" executionId="d8bf7927-8516-430c-af20-d53351f438f2" testListId="8c84fa94-04c1-424b-9868-57a2d4851a1d" />
    <TestEntry testId="87ab6c4b-2e53-ad24-94d0-e1500744f03c" executionId="67f836ee-c82c-4794-98ab-e96fe30b106a" testListId="8c84fa94-04c1-424b-9868-57a2d4851a1d" />
    <TestEntry testId="0177b86e-d5fa-cf5b-7ea6-a50aa23a1f27" executionId="3280d10f-c3cc-4db0-bccc-7e5addfad96f" testListId="8c84fa94-04c1-424b-9868-57a2d4851a1d" />
    <TestEntry testId="604165a1-c7e2-e583-c8fc-41ba1842763f" executionId="7a3fb1db-b2e0-4b50-81ed-77d6d2f4eb6c" testListId="8c84fa94-04c1-424b-9868-57a2d4851a1d" />
    <TestEntry testId="35fdcf18-0be3-5a33-49ea-9deec449ce72" executionId="8b1b594b-0a25-460a-a539-f526752cb589" testListId="8c84fa94-04c1-424b-9868-57a2d4851a1d" />
    <TestEntry testId="c633b636-e73d-6a16-4a3c-3a2d73d1a317" executionId="70d1fbb4-6288-4ea6-81fe-a869bac5c8c2" testListId="8c84fa94-04c1-424b-9868-57a2d4851a1d" />
    <TestEntry testId="a9a9f0f1-8a6b-9673-3b72-bfc82b22d458" executionId="18b15583-b609-4076-8226-fdd885a0d8bb" testListId="8c84fa94-04c1-424b-9868-57a2d4851a1d" />
    <TestEntry testId="3e6d226b-4bb5-5427-0a53-d601701ece07" executionId="c837220c-c3bd-49c4-8a00-ce53b6ccd5fc" testListId="8c84fa94-04c1-424b-9868-57a2d4851a1d" />
    <TestEntry testId="957b084a-82f1-c373-da0f-c9ece73ff22b" executionId="3d22be77-db65-4550-b51c-637bcaee2d72" testListId="8c84fa94-04c1-424b-9868-57a2d4851a1d" />
    <TestEntry testId="a99a0acb-4556-0740-9f3d-fecb7b1ed1f8" executionId="65e0aabf-c06d-4d6a-a7d0-086326ae6716" testListId="8c84fa94-04c1-424b-9868-57a2d4851a1d" />
    <TestEntry testId="b0f5a7d2-2c31-4fb3-e775-c49bc4094186" executionId="8f6142bc-3d6d-4521-8be3-82709cfe8fba" testListId="8c84fa94-04c1-424b-9868-57a2d4851a1d" />
    <TestEntry testId="47b57d83-2c08-99b9-f3b1-14d4cde9b1e8" executionId="22459c4c-2668-4f3e-a566-dbff90b011e4" testListId="8c84fa94-04c1-424b-9868-57a2d4851a1d" />
    <TestEntry testId="7da4a519-5129-89a7-3d39-c6df56ad0742" executionId="8ee72fa4-f7d6-48ac-b15b-e5999868282d" testListId="8c84fa94-04c1-424b-9868-57a2d4851a1d" />
    <TestEntry testId="4b07ec87-2578-4a11-af32-e14de6fedfb0" executionId="95e195b6-6370-4e5d-8d2e-ab48c32a2dc2" testListId="8c84fa94-04c1-424b-9868-57a2d4851a1d" />
    <TestEntry testId="f7fd56b8-376d-ce9f-bfd5-273500f7ad17" executionId="8d003994-744d-4730-b781-f68c6a6b8a9c" testListId="8c84fa94-04c1-424b-9868-57a2d4851a1d" />
    <TestEntry testId="3afc1bea-bfbf-3c8e-8104-72a764af8b32" executionId="fd7229f4-1c9a-4dad-854b-b85b80478c55" testListId="8c84fa94-04c1-424b-9868-57a2d4851a1d" />
    <TestEntry testId="f1fc9670-606b-c73a-b756-bddec5b37878" executionId="7b48666a-5555-4baa-b80e-e194bf29f3da" testListId="8c84fa94-04c1-424b-9868-57a2d4851a1d" />
    <TestEntry testId="6d90f370-9d6b-db58-3da4-8603bcc06965" executionId="0151d435-9ce1-4915-8943-b6f13feb1167" testListId="8c84fa94-04c1-424b-9868-57a2d4851a1d" />
    <TestEntry testId="0981af74-4ce1-6ad4-aeb6-cf0728ecf654" executionId="233aeeda-dc1a-42fb-affe-b82843e21e75" testListId="8c84fa94-04c1-424b-9868-57a2d4851a1d" />
    <TestEntry testId="dbf1d0a3-6fa9-ebb2-2c02-e59981d64ed1" executionId="ed0add51-8329-4a69-8272-1ab086aa3009" testListId="8c84fa94-04c1-424b-9868-57a2d4851a1d" />
    <TestEntry testId="d22d02ed-bb5c-57c7-bac8-2a4213191ea2" executionId="96ed3cff-daef-41a3-835e-ac6570d6bb19" testListId="8c84fa94-04c1-424b-9868-57a2d4851a1d" />
    <TestEntry testId="ff82c0df-2a18-5756-6f34-2753161d947c" executionId="6fb0714b-011f-4c68-8c6b-afc7da46526e" testListId="8c84fa94-04c1-424b-9868-57a2d4851a1d" />
    <TestEntry testId="637f974a-a7ea-1e81-c804-340f4859c6bd" executionId="6fc6e80d-b496-4d01-bd1f-4ba95e6b1897" testListId="8c84fa94-04c1-424b-9868-57a2d4851a1d" />
    <TestEntry testId="4bf3049e-1b64-3ff0-dd36-17e394b3355e" executionId="dc6aa2fe-9096-4f3a-acfc-4f842c8b123a" testListId="8c84fa94-04c1-424b-9868-57a2d4851a1d" />
    <TestEntry testId="d67a89bb-cceb-4395-19d1-01b4a95e49bd" executionId="75639f01-8204-45a3-a586-865296e8adbe" testListId="8c84fa94-04c1-424b-9868-57a2d4851a1d" />
    <TestEntry testId="807e15a2-a2d5-d883-28e3-0ba48acb3399" executionId="08770af6-666a-47d1-9723-ee1d7bc5adc6" testListId="8c84fa94-04c1-424b-9868-57a2d4851a1d" />
    <TestEntry testId="9c47cf71-2778-c1b6-7bd1-79f38ad76329" executionId="aaa97ffc-fbe3-4c12-9325-d48e49c09224" testListId="8c84fa94-04c1-424b-9868-57a2d4851a1d" />
    <TestEntry testId="c5d159c1-8bb5-ccd3-b00d-54985d2cbab0" executionId="ebacbda6-f4c3-41ab-a6b6-47e5638ad107" testListId="8c84fa94-04c1-424b-9868-57a2d4851a1d" />
    <TestEntry testId="6778bb71-07f9-d92d-7c7d-99cc9a9261d1" executionId="24ab9180-b626-42c4-a5a7-11cbc589b10c" testListId="8c84fa94-04c1-424b-9868-57a2d4851a1d" />
    <TestEntry testId="72930ef5-1352-8999-7ef5-823ed3666126" executionId="24638eb3-1bd0-46d7-8182-0c34fd250a6c" testListId="8c84fa94-04c1-424b-9868-57a2d4851a1d" />
    <TestEntry testId="1f781150-b373-8299-aa4f-dfdadb7bfb9b" executionId="5bc961cd-2c95-427e-b320-5b47d50de490" testListId="8c84fa94-04c1-424b-9868-57a2d4851a1d" />
    <TestEntry testId="5eca5bcf-e850-102d-5247-e143d0a4a840" executionId="16c8e57d-0ad9-448b-863e-6b285f67dc8c" testListId="8c84fa94-04c1-424b-9868-57a2d4851a1d" />
    <TestEntry testId="e34a6a3c-6733-dc8e-1e37-dba572bf5ace" executionId="1a59e5a2-e02d-489f-99a5-53532d7442d3" testListId="8c84fa94-04c1-424b-9868-57a2d4851a1d" />
    <TestEntry testId="fc6917c6-2e73-f40a-5bb6-252957ae3d5b" executionId="be7e6ecd-9e53-433d-b759-2aa264ab40cd" testListId="8c84fa94-04c1-424b-9868-57a2d4851a1d" />
    <TestEntry testId="dee46b0c-2f9d-52fc-c7b4-b5b58ca85be6" executionId="11f764fa-74d0-40ab-a24b-63beacb09841" testListId="8c84fa94-04c1-424b-9868-57a2d4851a1d" />
    <TestEntry testId="c20bd146-2464-39ef-d365-b04794f08f52" executionId="b2aefec8-31bf-4f5b-9737-2f0a3e9c69d4" testListId="8c84fa94-04c1-424b-9868-57a2d4851a1d" />
    <TestEntry testId="ecd731c8-fde0-3cdb-6310-8c028479e7fa" executionId="1d774320-4586-423c-9743-803246697d59" testListId="8c84fa94-04c1-424b-9868-57a2d4851a1d" />
    <TestEntry testId="8ceb8007-7676-c6df-f4e0-60eb5ed07aaa" executionId="4f43a44f-2010-4c31-b1fa-0788f97d22e1" testListId="8c84fa94-04c1-424b-9868-57a2d4851a1d" />
    <TestEntry testId="8af59718-3d2e-61c7-52a7-b3bcc998df10" executionId="2bf8e9e7-264b-4a86-b64a-c1ea1c978364" testListId="8c84fa94-04c1-424b-9868-57a2d4851a1d" />
    <TestEntry testId="55d77cb0-6d32-2d7e-5769-969f37383ed7" executionId="8c97b541-ebcd-4aee-aa79-fa1c1e5de39d" testListId="8c84fa94-04c1-424b-9868-57a2d4851a1d" />
    <TestEntry testId="f4bb3496-6bd5-68d7-1206-ecefa5c9b63a" executionId="8ae8cda5-463e-44ea-b2aa-4882190b9701" testListId="8c84fa94-04c1-424b-9868-57a2d4851a1d" />
    <TestEntry testId="adf1bbe7-f955-f1aa-c051-332a545e94e4" executionId="ba8223b6-4447-4cbd-a65d-c273681e40ff" testListId="8c84fa94-04c1-424b-9868-57a2d4851a1d" />
    <TestEntry testId="8e77a49e-1ebb-33d0-321e-b1c7c45a8fa3" executionId="c9175a24-fe2f-4e30-8c6a-7c11d362003f" testListId="8c84fa94-04c1-424b-9868-57a2d4851a1d" />
    <TestEntry testId="932006bf-cc9a-1649-4dd2-a8c07ced02bd" executionId="d86ca0c6-869f-454e-84f8-7051c8a98852" testListId="8c84fa94-04c1-424b-9868-57a2d4851a1d" />
    <TestEntry testId="5f9ff485-80f0-1581-b8ce-68cc871f9745" executionId="2813168f-914e-4a26-a4b7-2338824633f7" testListId="8c84fa94-04c1-424b-9868-57a2d4851a1d" />
    <TestEntry testId="c5f604eb-bb73-2ed4-4b97-3223456ec415" executionId="01cf4a1d-7b95-4a98-81d9-2efa4757271c" testListId="8c84fa94-04c1-424b-9868-57a2d4851a1d" />
    <TestEntry testId="23883945-af6d-c48a-20a2-7a04c60637c8" executionId="ec0db75a-2b82-467e-9943-f9ff9e8f1a60" testListId="8c84fa94-04c1-424b-9868-57a2d4851a1d" />
    <TestEntry testId="bd72cabd-0ddc-9517-5a13-70031cc0d420" executionId="f87763bf-d198-4947-87c4-23c73877c58b" testListId="8c84fa94-04c1-424b-9868-57a2d4851a1d" />
    <TestEntry testId="5cd02d0c-c30c-d1d5-c21e-60ac4b27c097" executionId="8a9a4f76-4ff4-48fb-9a3b-269d17b2e5b1" testListId="8c84fa94-04c1-424b-9868-57a2d4851a1d" />
    <TestEntry testId="8eeca9a8-568d-a203-d287-a4d2eed3e1dd" executionId="5db62b2f-bef2-468c-bd95-c16971ef7617" testListId="8c84fa94-04c1-424b-9868-57a2d4851a1d" />
    <TestEntry testId="14c76d6e-baba-abce-271f-bb53095ef8bb" executionId="6c191dc0-d2a4-4c58-a14a-6c7c17ccaec1" testListId="8c84fa94-04c1-424b-9868-57a2d4851a1d" />
    <TestEntry testId="4241b6d4-e9df-72e9-77ef-f7714add0b73" executionId="a54d0e4f-2016-4e7e-b85c-40b3c55c00bd" testListId="8c84fa94-04c1-424b-9868-57a2d4851a1d" />
    <TestEntry testId="60eb9c3d-cd29-58bd-5b44-c89d0731a54a" executionId="370f78d2-315f-4f39-96a0-adf3e92c6b36" testListId="8c84fa94-04c1-424b-9868-57a2d4851a1d" />
    <TestEntry testId="c34a7e0d-9fce-cfdd-4a03-172f1b719315" executionId="bb842235-1272-463b-86d0-d88c720d594d" testListId="8c84fa94-04c1-424b-9868-57a2d4851a1d" />
    <TestEntry testId="b0b5b9af-8fcb-9aa2-b576-ea724fced88f" executionId="d9edb58f-d974-4e06-a123-f37cd5511d2d" testListId="8c84fa94-04c1-424b-9868-57a2d4851a1d" />
    <TestEntry testId="e0382ce5-6740-35b3-fff5-be32133f4b54" executionId="77aa02ab-f5d9-4da7-9729-59b65fa9d085" testListId="8c84fa94-04c1-424b-9868-57a2d4851a1d" />
    <TestEntry testId="96895812-5ec4-e95c-f82b-714f21329505" executionId="d29f392d-8f6b-4cea-b607-4642b13039a7" testListId="8c84fa94-04c1-424b-9868-57a2d4851a1d" />
    <TestEntry testId="3ebf47cf-4127-1f1d-d58e-0bdf47316ea3" executionId="22673a4b-0d1c-4106-83d6-82fcee9e04e6" testListId="8c84fa94-04c1-424b-9868-57a2d4851a1d" />
    <TestEntry testId="36411a89-5ee3-acf1-7ac9-7780454d7007" executionId="275ca102-7e76-4442-b073-925e3bc017e8" testListId="8c84fa94-04c1-424b-9868-57a2d4851a1d" />
    <TestEntry testId="32dd6141-e873-31bc-2141-154b736f81ed" executionId="5356bb3e-3d48-42a8-be46-c20e9e860505" testListId="8c84fa94-04c1-424b-9868-57a2d4851a1d" />
    <TestEntry testId="371a4fb2-1529-7925-ea1a-b6ea6249a33b" executionId="49545862-22b9-4f4b-a7f4-d3d75d0eb108" testListId="8c84fa94-04c1-424b-9868-57a2d4851a1d" />
    <TestEntry testId="09c838a6-25f6-fa3c-1eab-ebb143fae11f" executionId="a5dc10d2-c3be-401f-a77f-1266d0a34ce6" testListId="8c84fa94-04c1-424b-9868-57a2d4851a1d" />
    <TestEntry testId="d1cdae68-9615-5a15-fb7e-17feabe3919f" executionId="8468070b-1610-42c0-8aaa-06e898235c94" testListId="8c84fa94-04c1-424b-9868-57a2d4851a1d" />
    <TestEntry testId="2f70dbba-5fa6-6c2a-feef-1fb1c7241241" executionId="15dad9d6-8957-4df1-be1f-61a31d818cb0" testListId="8c84fa94-04c1-424b-9868-57a2d4851a1d" />
    <TestEntry testId="17c0ccb2-7906-7e39-90cb-848a59e82687" executionId="b52131ef-a29a-4ae6-9bff-52f7b35dc314" testListId="8c84fa94-04c1-424b-9868-57a2d4851a1d" />
    <TestEntry testId="d045baa8-d6d4-4e92-c213-e7d3aa09150a" executionId="95c9fd95-d5c4-4975-b1bd-76c4b69250f4" testListId="8c84fa94-04c1-424b-9868-57a2d4851a1d" />
    <TestEntry testId="9abef8b5-33da-680e-a9bc-a83df0477c5d" executionId="7c8b2f18-ab27-48eb-b89e-674e7e05411c" testListId="8c84fa94-04c1-424b-9868-57a2d4851a1d" />
    <TestEntry testId="083d22d7-fcb7-fbb5-cd62-3b304677a5ce" executionId="687a3387-5c29-4263-ad54-a12d7f29c92a" testListId="8c84fa94-04c1-424b-9868-57a2d4851a1d" />
    <TestEntry testId="23e952be-43ac-69f6-e773-dec25ec58275" executionId="6f2aefde-e966-47e3-807d-5555e6f38c54" testListId="8c84fa94-04c1-424b-9868-57a2d4851a1d" />
    <TestEntry testId="a55ea7c9-eabb-9207-ac1a-8e11aa747df4" executionId="7e9e1e87-f1ee-49f8-8409-abf03bdddf71" testListId="8c84fa94-04c1-424b-9868-57a2d4851a1d" />
    <TestEntry testId="77e10824-1cca-c689-50b2-ed0e80430907" executionId="eace1b30-0de5-49df-b2d2-270e6aaca94c" testListId="8c84fa94-04c1-424b-9868-57a2d4851a1d" />
    <TestEntry testId="42431ad3-b2fa-3a89-f07f-b02ce47f85e3" executionId="dc581667-ce57-4b8f-a4c9-c7f85c22834e" testListId="8c84fa94-04c1-424b-9868-57a2d4851a1d" />
    <TestEntry testId="2ee5ec05-43c5-a370-94e2-7ce68113ecd3" executionId="57c7c7f8-b4f3-43a3-81a5-0547a40d3612" testListId="8c84fa94-04c1-424b-9868-57a2d4851a1d" />
    <TestEntry testId="72f264a5-7de2-336c-60e6-b904b0cc1eea" executionId="616812fd-6e20-49fa-afd0-b8b9dcf62568" testListId="8c84fa94-04c1-424b-9868-57a2d4851a1d" />
    <TestEntry testId="e4ab14aa-1429-271f-5b09-0f8f32eeab9a" executionId="f20c85f9-6c89-4515-b3df-9577ccb3d110" testListId="8c84fa94-04c1-424b-9868-57a2d4851a1d" />
    <TestEntry testId="3a6c85dc-ff2e-cb74-a68e-e4c4f59a65bd" executionId="4a2ab18d-15b6-44ca-948b-4eef3e9c2dc7" testListId="8c84fa94-04c1-424b-9868-57a2d4851a1d" />
    <TestEntry testId="fc573d78-4d31-4cef-4a5f-301b8eb35a18" executionId="8cc6a086-e6c2-49d5-aafd-9a67f9cf81ac" testListId="8c84fa94-04c1-424b-9868-57a2d4851a1d" />
    <TestEntry testId="52f2ba69-e8af-366e-fa05-7e9d58be5419" executionId="f8d76402-81ad-4fc2-a955-7f9a6a8a8554" testListId="8c84fa94-04c1-424b-9868-57a2d4851a1d" />
    <TestEntry testId="d3f09b35-b610-a3b7-aac9-aa4bbf66fea6" executionId="213e3c50-5d5a-4bfa-bc1a-bd269581231d" testListId="8c84fa94-04c1-424b-9868-57a2d4851a1d" />
    <TestEntry testId="93e1a339-56ec-6a9a-cc36-ee3412430608" executionId="bfb6a911-9523-4703-881f-06a89eef5d82" testListId="8c84fa94-04c1-424b-9868-57a2d4851a1d" />
    <TestEntry testId="f0bdd7dd-7cef-1459-6d80-5f06a72cf810" executionId="eaab315a-51f7-44e4-aa4b-6b2f6c74a6b1" testListId="8c84fa94-04c1-424b-9868-57a2d4851a1d" />
    <TestEntry testId="c4cd8056-c9ff-caf6-98af-4ccd1972a29a" executionId="4133a836-c70a-4329-9590-5b7e9bd7ddeb" testListId="8c84fa94-04c1-424b-9868-57a2d4851a1d" />
    <TestEntry testId="d6f0928c-7367-b459-6ff5-32ca0241f57e" executionId="76e1e3e0-892d-44d2-b345-201fc9bd06ab" testListId="8c84fa94-04c1-424b-9868-57a2d4851a1d" />
    <TestEntry testId="212fceb0-e09b-bfef-a8c4-50fb8b97b08a" executionId="6a447510-cf00-4783-867c-b195a8ed6e45" testListId="8c84fa94-04c1-424b-9868-57a2d4851a1d" />
  </TestEntries>
  <Results>
    <UnitTestResult executionId="3641ba77-7f6c-47ed-b0c3-1d2d3d8f01fa" testId="d0ddb7c1-ff4a-b3fe-6f4c-174f7a2fe81e" testName="TestUpdate" computerName="TW1FTENVY" duration="00:00:00.0549076" startTime="2014-04-28T10:25:12.2433947-05:00" endTime="2014-04-28T10:25:12.8215382-05:00" testType="13cdc9d9-ddb5-4fa4-a97d-d965ccfc6d4b" outcome="Passed" testListId="8c84fa94-04c1-424b-9868-57a2d4851a1d" relativeResultsDirectory="3641ba77-7f6c-47ed-b0c3-1d2d3d8f01fa">
    </UnitTestResult>
    <UnitTestResult executionId="70083cb6-101b-47e2-ace5-6961a8d43048" testId="f92b1b75-bfbf-8087-5727-33e690da2f7f" testName="TestUpdateEventEquality" computerName="TW1FTENVY" duration="00:00:00.0002664" startTime="2014-04-28T10:25:12.8371506-05:00" endTime="2014-04-28T10:25:12.8371506-05:00" testType="13cdc9d9-ddb5-4fa4-a97d-d965ccfc6d4b" outcome="Passed" testListId="8c84fa94-04c1-424b-9868-57a2d4851a1d" relativeResultsDirectory="70083cb6-101b-47e2-ace5-6961a8d43048">
    </UnitTestResult>
    <UnitTestResult executionId="d8bf7927-8516-430c-af20-d53351f438f2" testId="7e5b7cb7-b731-5fcc-3da1-9df84dfa3118" testName="TestUpdateEventInequality" computerName="TW1FTENVY" duration="00:00:00.0002429" startTime="2014-04-28T10:25:12.8371506-05:00" endTime="2014-04-28T10:25:12.8371506-05:00" testType="13cdc9d9-ddb5-4fa4-a97d-d965ccfc6d4b" outcome="Passed" testListId="8c84fa94-04c1-424b-9868-57a2d4851a1d" relativeResultsDirectory="d8bf7927-8516-430c-af20-d53351f438f2">
    </UnitTestResult>
    <UnitTestResult executionId="67f836ee-c82c-4794-98ab-e96fe30b106a" testId="87ab6c4b-2e53-ad24-94d0-e1500744f03c" testName="TestGetRandomQuestion" computerName="TW1FTENVY" duration="00:00:00.6834129" startTime="2014-04-28T10:25:12.8527758-05:00" endTime="2014-04-28T10:25:13.5402934-05:00" testType="13cdc9d9-ddb5-4fa4-a97d-d965ccfc6d4b" outcome="Passed" testListId="8c84fa94-04c1-424b-9868-57a2d4851a1d" relativeResultsDirectory="67f836ee-c82c-4794-98ab-e96fe30b106a">
    </UnitTestResult>
    <UnitTestResult executionId="3280d10f-c3cc-4db0-bccc-7e5addfad96f" testId="0177b86e-d5fa-cf5b-7ea6-a50aa23a1f27" testName="TestGetRandomMusicQuestion" computerName="TW1FTENVY" duration="00:00:00.6633363" startTime="2014-04-28T10:25:13.5402934-05:00" endTime="2014-04-28T10:25:14.1965414-05:00" testType="13cdc9d9-ddb5-4fa4-a97d-d965ccfc6d4b" outcome="Passed" testListId="8c84fa94-04c1-424b-9868-57a2d4851a1d" relativeResultsDirectory="3280d10f-c3cc-4db0-bccc-7e5addfad96f">
    </UnitTestResult>
    <UnitTestResult executionId="7a3fb1db-b2e0-4b50-81ed-77d6d2f4eb6c" testId="604165a1-c7e2-e583-c8fc-41ba1842763f" testName="TestGetRandomImageQuestion" computerName="TW1FTENVY" duration="00:00:00.5765616" startTime="2014-04-28T10:25:14.2121661-05:00" endTime="2014-04-28T10:25:14.7902969-05:00" testType="13cdc9d9-ddb5-4fa4-a97d-d965ccfc6d4b" outcome="Passed" testListId="8c84fa94-04c1-424b-9868-57a2d4851a1d" relativeResultsDirectory="7a3fb1db-b2e0-4b50-81ed-77d6d2f4eb6c">
    </UnitTestResult>
    <UnitTestResult executionId="8b1b594b-0a25-460a-a539-f526752cb589" testId="35fdcf18-0be3-5a33-49ea-9deec449ce72" testName="testInitialize" computerName="TW1FTENVY" duration="00:00:00.0011529" startTime="2014-04-28T10:25:14.7902969-05:00" endTime="2014-04-28T10:25:14.7902969-05:00" testType="13cdc9d9-ddb5-4fa4-a97d-d965ccfc6d4b" outcome="Passed" testListId="8c84fa94-04c1-424b-9868-57a2d4851a1d" relativeResultsDirectory="8b1b594b-0a25-460a-a539-f526752cb589">
    </UnitTestResult>
[...]
    <UnitTestResult executionId="2813168f-914e-4a26-a4b7-2338824633f7" testId="5f9ff485-80f0-1581-b8ce-68cc871f9745" testName="ResetAttemptsStateTest" computerName="TW1FTENVY" duration="00:00:00.9238559" startTime="2014-04-28T10:25:18.1184579-05:00" endTime="2014-04-28T10:25:19.0559671-05:00" testType="13cdc9d9-ddb5-4fa4-a97d-d965ccfc6d4b" outcome="Passed" testListId="8c84fa94-04c1-424b-9868-57a2d4851a1d" relativeResultsDirectory="2813168f-914e-4a26-a4b7-2338824633f7">
    </UnitTestResult>
    <UnitTestResult executionId="01cf4a1d-7b95-4a98-81d9-2efa4757271c" testId="c5f604eb-bb73-2ed4-4b97-3223456ec415" testName="PlayerMoveStateTest" computerName="TW1FTENVY" duration="00:00:00.9784997" startTime="2014-04-28T10:25:19.0559671-05:00" endTime="2014-04-28T10:25:20.0453788-05:00" testType="13cdc9d9-ddb5-4fa4-a97d-d965ccfc6d4b" outcome="Passed" testListId="8c84fa94-04c1-424b-9868-57a2d4851a1d" relativeResultsDirectory="01cf4a1d-7b95-4a98-81d9-2efa4757271c">
    </UnitTestResult>
    <UnitTestResult executionId="ec0db75a-2b82-467e-9943-f9ff9e8f1a60" testId="23883945-af6d-c48a-20a2-7a04c60637c8" testName="QuestionNotifyCorrectClickTest" computerName="TW1FTENVY" duration="00:00:00.6994457" startTime="2014-04-28T10:25:20.0503721-05:00" endTime="2014-04-28T10:25:20.7519539-05:00" testType="13cdc9d9-ddb5-4fa4-a97d-d965ccfc6d4b" outcome="Passed" testListId="8c84fa94-04c1-424b-9868-57a2d4851a1d" relativeResultsDirectory="ec0db75a-2b82-467e-9943-f9ff9e8f1a60">
    </UnitTestResult>
    <UnitTestResult executionId="f87763bf-d198-4947-87c4-23c73877c58b" testId="bd72cabd-0ddc-9517-5a13-70031cc0d420" testName="QuestionNotifyIncorrectClickTest" computerName="TW1FTENVY" duration="00:00:00.7767269" startTime="2014-04-28T10:25:20.7569570-05:00" endTime="2014-04-28T10:25:21.5365582-05:00" testType="13cdc9d9-ddb5-4fa4-a97d-d965ccfc6d4b" outcome="Passed" testListId="8c84fa94-04c1-424b-9868-57a2d4851a1d" relativeResultsDirectory="f87763bf-d198-4947-87c4-23c73877c58b">
    </UnitTestResult>
    <UnitTestResult executionId="8a9a4f76-4ff4-48fb-9a3b-269d17b2e5b1" testId="5cd02d0c-c30c-d1d5-c21e-60ac4b27c097" testName="QuestionNotifyTimedClickTest" computerName="TW1FTENVY" duration="00:00:00.7446858" startTime="2014-04-28T10:25:21.5405606-05:00" endTime="2014-04-28T10:25:22.2891365-05:00" testType="13cdc9d9-ddb5-4fa4-a97d-d965ccfc6d4b" outcome="Passed" testListId="8c84fa94-04c1-424b-9868-57a2d4851a1d" relativeResultsDirectory="8a9a4f76-4ff4-48fb-9a3b-269d17b2e5b1">
    </UnitTestResult>
    <UnitTestResult executionId="5db62b2f-bef2-468c-bd95-c16971ef7617" testId="8eeca9a8-568d-a203-d287-a4d2eed3e1dd" testName="QuestionNotifyTimedOutTest" computerName="TW1FTENVY" duration="00:00:00.7577156" startTime="2014-04-28T10:25:22.2931406-05:00" endTime="2014-04-28T10:25:23.0537257-05:00" testType="13cdc9d9-ddb5-4fa4-a97d-d965ccfc6d4b" outcome="Passed" testListId="8c84fa94-04c1-424b-9868-57a2d4851a1d" relativeResultsDirectory="5db62b2f-bef2-468c-bd95-c16971ef7617">
    </UnitTestResult>
    <UnitTestResult executionId="6c191dc0-d2a4-4c58-a14a-6c7c17ccaec1" testId="14c76d6e-baba-abce-271f-bb53095ef8bb" testName="TestPlayerScoreParameter" computerName="TW1FTENVY" duration="00:00:03.7454128" startTime="2014-04-28T10:25:23.0617318-05:00" endTime="2014-04-28T10:25:26.8098158-05:00" testType="13cdc9d9-ddb5-4fa4-a97d-d965ccfc6d4b" outcome="Passed" testListId="8c84fa94-04c1-424b-9868-57a2d4851a1d" relativeResultsDirectory="6c191dc0-d2a4-4c58-a14a-6c7c17ccaec1">
    </UnitTestResult>
    <UnitTestResult executionId="a54d0e4f-2016-4e7e-b85c-40b3c55c00bd" testId="4241b6d4-e9df-72e9-77ef-f7714add0b73" testName="QuestionNotifyCorrectKeyTest" computerName="TW1FTENVY" duration="00:00:00.7379302" startTime="2014-04-28T10:25:26.8148091-05:00" endTime="2014-04-28T10:25:27.5554746-05:00" testType="13cdc9d9-ddb5-4fa4-a97d-d965ccfc6d4b" outcome="Passed" testListId="8c84fa94-04c1-424b-9868-57a2d4851a1d" relativeResultsDirectory="a54d0e4f-2016-4e7e-b85c-40b3c55c00bd">
    </UnitTestResult>
    <UnitTestResult executionId="370f78d2-315f-4f39-96a0-adf3e92c6b36" testId="60eb9c3d-cd29-58bd-5b44-c89d0731a54a" testName="QuestionNotifyIncorrectKeyTest" computerName="TW1FTENVY" duration="00:00:00.7181149" startTime="2014-04-28T10:25:27.5604795-05:00" endTime="2014-04-28T10:25:28.2841030-05:00" testType="13cdc9d9-ddb5-4fa4-a97d-d965ccfc6d4b" outcome="Passed" testListId="8c84fa94-04c1-424b-9868-57a2d4851a1d" relativeResultsDirectory="370f78d2-315f-4f39-96a0-adf3e92c6b36">
    </UnitTestResult>
    <UnitTestResult executionId="bb842235-1272-463b-86d0-d88c720d594d" testId="c34a7e0d-9fce-cfdd-4a03-172f1b719315" testName="QuestionNotifyTimedKeyTest" computerName="TW1FTENVY" duration="00:00:00.7405915" startTime="2014-04-28T10:25:28.2881058-05:00" endTime="2014-04-28T10:25:29.0316836-05:00" testType="13cdc9d9-ddb5-4fa4-a97d-d965ccfc6d4b" outcome="Passed" testListId="8c84fa94-04c1-424b-9868-57a2d4851a1d" relativeResultsDirectory="bb842235-1272-463b-86d0-d88c720d594d">
    </UnitTestResult>
    <UnitTestResult executionId="d9edb58f-d974-4e06-a123-f37cd5511d2d" testId="b0b5b9af-8fcb-9aa2-b576-ea724fced88f" testName="PlayersTest1" computerName="TW1FTENVY" duration="00:00:00.8040616" startTime="2014-04-28T10:25:29.0366880-05:00" endTime="2014-04-28T10:25:29.8453564-05:00" testType="13cdc9d9-ddb5-4fa4-a97d-d965ccfc6d4b" outcome="Passed" testListId="8c84fa94-04c1-424b-9868-57a2d4851a1d" relativeResultsDirectory="d9edb58f-d974-4e06-a123-f37cd5511d2d">
    </UnitTestResult>
    <UnitTestResult executionId="77aa02ab-f5d9-4da7-9729-59b65fa9d085" testId="e0382ce5-6740-35b3-fff5-be32133f4b54" testName="PlayersTest2" computerName="TW1FTENVY" duration="00:00:00.6438152" startTime="2014-04-28T10:25:29.8704297-05:00" endTime="2014-04-28T10:25:30.5179147-05:00" testType="13cdc9d9-ddb5-4fa4-a97d-d965ccfc6d4b" outcome="Passed" testListId="8c84fa94-04c1-424b-9868-57a2d4851a1d" relativeResultsDirectory="77aa02ab-f5d9-4da7-9729-59b65fa9d085">
    </UnitTestResult>
    <UnitTestResult executionId="d29f392d-8f6b-4cea-b607-4642b13039a7" testId="96895812-5ec4-e95c-f82b-714f21329505" testName="PlayerScoreTest" computerName="TW1FTENVY" duration="00:00:00.7587167" startTime="2014-04-28T10:25:30.5229170-05:00" endTime="2014-04-28T10:25:31.2845328-05:00" testType="13cdc9d9-ddb5-4fa4-a97d-d965ccfc6d4b" outcome="Passed" testListId="8c84fa94-04c1-424b-9868-57a2d4851a1d" relativeResultsDirectory="d29f392d-8f6b-4cea-b607-4642b13039a7">
    </UnitTestResult>
    <UnitTestResult executionId="22673a4b-0d1c-4106-83d6-82fcee9e04e6" testId="3ebf47cf-4127-1f1d-d58e-0bdf47316ea3" testName="MultiPlayerCorrectScoreTest" computerName="TW1FTENVY" duration="00:00:00.7688863" startTime="2014-04-28T10:25:31.2895372-05:00" endTime="2014-04-28T10:25:32.0631623-05:00" testType="13cdc9d9-ddb5-4fa4-a97d-d965ccfc6d4b" outcome="Passed" testListId="8c84fa94-04c1-424b-9868-57a2d4851a1d" relativeResultsDirectory="22673a4b-0d1c-4106-83d6-82fcee9e04e6">
    </UnitTestResult>
    <UnitTestResult executionId="275ca102-7e76-4442-b073-925e3bc017e8" testId="36411a89-5ee3-acf1-7ac9-7780454d7007" testName="MultiPlayerIncorrectScoreTest" computerName="TW1FTENVY" duration="00:00:02.1575111" startTime="2014-04-28T10:25:32.0671647-05:00" endTime="2014-04-28T10:25:34.2345765-05:00" testType="13cdc9d9-ddb5-4fa4-a97d-d965ccfc6d4b" outcome="Passed" testListId="8c84fa94-04c1-424b-9868-57a2d4851a1d" relativeResultsDirectory="275ca102-7e76-4442-b073-925e3bc017e8">
    </UnitTestResult>
    <UnitTestResult executionId="5356bb3e-3d48-42a8-be46-c20e9e860505" testId="32dd6141-e873-31bc-2141-154b736f81ed" testName="MultiPlayerMultiCorrectScoreTest" computerName="TW1FTENVY" duration="00:00:00.7035362" startTime="2014-04-28T10:25:34.2705844-05:00" endTime="2014-04-28T10:25:34.9791755-05:00" testType="13cdc9d9-ddb5-4fa4-a97d-d965ccfc6d4b" outcome="Passed" testListId="8c84fa94-04c1-424b-9868-57a2d4851a1d" relativeResultsDirectory="5356bb3e-3d48-42a8-be46-c20e9e860505">
    </UnitTestResult>
    <UnitTestResult executionId="49545862-22b9-4f4b-a7f4-d3d75d0eb108" testId="371a4fb2-1529-7925-ea1a-b6ea6249a33b" testName="MultiPlayerMultiIncorrectScoreTest" computerName="TW1FTENVY" duration="00:00:00.7874135" startTime="2014-04-28T10:25:34.9831792-05:00" endTime="2014-04-28T10:25:35.7747650-05:00" testType="13cdc9d9-ddb5-4fa4-a97d-d965ccfc6d4b" outcome="Passed" testListId="8c84fa94-04c1-424b-9868-57a2d4851a1d" relativeResultsDirectory="49545862-22b9-4f4b-a7f4-d3d75d0eb108">
    </UnitTestResult>
    <UnitTestResult executionId="a5dc10d2-c3be-401f-a77f-1266d0a34ce6" testId="09c838a6-25f6-fa3c-1eab-ebb143fae11f" testName="TwoPlayerSwapTest" computerName="TW1FTENVY" duration="00:00:00.6893864" startTime="2014-04-28T10:25:35.7928295-05:00" endTime="2014-04-28T10:25:36.4883912-05:00" testType="13cdc9d9-ddb5-4fa4-a97d-d965ccfc6d4b" outcome="Passed" testListId="8c84fa94-04c1-424b-9868-57a2d4851a1d" relativeResultsDirectory="a5dc10d2-c3be-401f-a77f-1266d0a34ce6">
    </UnitTestResult>
    <UnitTestResult executionId="8468070b-1610-42c0-8aaa-06e898235c94" testId="d1cdae68-9615-5a15-fb7e-17feabe3919f" testName="BackwardsScoresTest" computerName="TW1FTENVY" duration="00:00:00.7373563" startTime="2014-04-28T10:25:36.4933956-05:00" endTime="2014-04-28T10:25:37.2329997-05:00" testType="13cdc9d9-ddb5-4fa4-a97d-d965ccfc6d4b" outcome="Passed" testListId="8c84fa94-04c1-424b-9868-57a2d4851a1d" relativeResultsDirectory="8468070b-1610-42c0-8aaa-06e898235c94">
    </UnitTestResult>
    <UnitTestResult executionId="15dad9d6-8957-4df1-be1f-61a31d818cb0" testId="2f70dbba-5fa6-6c2a-feef-1fb1c7241241" testName="MixedScoresTest" computerName="TW1FTENVY" duration="00:00:00.6733952" startTime="2014-04-28T10:25:37.2380037-05:00" endTime="2014-04-28T10:25:37.9135397-05:00" testType="13cdc9d9-ddb5-4fa4-a97d-d965ccfc6d4b" outcome="Passed" testListId="8c84fa94-04c1-424b-9868-57a2d4851a1d" relativeResultsDirectory="15dad9d6-8957-4df1-be1f-61a31d818cb0">
    </UnitTestResult>
    <UnitTestResult executionId="b52131ef-a29a-4ae6-9bff-52f7b35dc314" testId="17c0ccb2-7906-7e39-90cb-848a59e82687" testName="ChangeCategoryStateTest" computerName="TW1FTENVY" duration="00:00:00.8009132" startTime="2014-04-28T10:25:37.9185445-05:00" endTime="2014-04-28T10:25:38.7222273-05:00" testType="13cdc9d9-ddb5-4fa4-a97d-d965ccfc6d4b" outcome="Passed" testListId="8c84fa94-04c1-424b-9868-57a2d4851a1d" relativeResultsDirectory="b52131ef-a29a-4ae6-9bff-52f7b35dc314">
    </UnitTestResult>
    <UnitTestResult executionId="95c9fd95-d5c4-4975-b1bd-76c4b69250f4" testId="d045baa8-d6d4-4e92-c213-e7d3aa09150a" testName="RandomSwapStateTest" computerName="TW1FTENVY" duration="00:00:00.8259968" startTime="2014-04-28T10:25:38.7272292-05:00" endTime="2014-04-28T10:25:39.5559220-05:00" testType="13cdc9d9-ddb5-4fa4-a97d-d965ccfc6d4b" outcome="Passed" testListId="8c84fa94-04c1-424b-9868-57a2d4851a1d" relativeResultsDirectory="95c9fd95-d5c4-4975-b1bd-76c4b69250f4">
    </UnitTestResult>
    <UnitTestResult executionId="7c8b2f18-ab27-48eb-b89e-674e7e05411c" testId="9abef8b5-33da-680e-a9bc-a83df0477c5d" testName="RandomSwapTestMultiplayerTest" computerName="TW1FTENVY" duration="00:00:00.8858832" startTime="2014-04-28T10:25:39.5599128-05:00" endTime="2014-04-28T10:25:40.4485818-05:00" testType="13cdc9d9-ddb5-4fa4-a97d-d965ccfc6d4b" outcome="Passed" testListId="8c84fa94-04c1-424b-9868-57a2d4851a1d" relativeResultsDirectory="7c8b2f18-ab27-48eb-b89e-674e7e05411c">
    </UnitTestResult>
    <UnitTestResult executionId="687a3387-5c29-4263-ad54-a12d7f29c92a" testId="083d22d7-fcb7-fbb5-cd62-3b304677a5ce" testName="KeyIsDownEvent" computerName="TW1FTENVY" duration="00:00:00.0016216" startTime="2014-04-28T10:25:40.4535854-05:00" endTime="2014-04-28T10:25:40.4575878-05:00" testType="13cdc9d9-ddb5-4fa4-a97d-d965ccfc6d4b" outcome="Passed" testListId="8c84fa94-04c1-424b-9868-57a2d4851a1d" relativeResultsDirectory="687a3387-5c29-4263-ad54-a12d7f29c92a">
    </UnitTestResult>
    <UnitTestResult executionId="6f2aefde-e966-47e3-807d-5555e6f38c54" testId="23e952be-43ac-69f6-e773-dec25ec58275" testName="KeyIsNotDownEvent" computerName="TW1FTENVY" duration="00:00:00.0002275" startTime="2014-04-28T10:25:40.4625794-05:00" endTime="2014-04-28T10:25:40.4645803-05:00" testType="13cdc9d9-ddb5-4fa4-a97d-d965ccfc6d4b" outcome="Passed" testListId="8c84fa94-04c1-424b-9868-57a2d4851a1d" relativeResultsDirectory="6f2aefde-e966-47e3-807d-5555e6f38c54">
    </UnitTestResult>
    <UnitTestResult executionId="7e9e1e87-f1ee-49f8-8409-abf03bdddf71" testId="a55ea7c9-eabb-9207-ac1a-8e11aa747df4" testName="SkipQuestionStateTest" computerName="TW1FTENVY" duration="00:00:00.9115151" startTime="2014-04-28T10:25:40.4695843-05:00" endTime="2014-04-28T10:25:41.3843030-05:00" testType="13cdc9d9-ddb5-4fa4-a97d-d965ccfc6d4b" outcome="Passed" testListId="8c84fa94-04c1-424b-9868-57a2d4851a1d" relativeResultsDirectory="7e9e1e87-f1ee-49f8-8409-abf03bdddf71">
    </UnitTestResult>
    <UnitTestResult executionId="eace1b30-0de5-49df-b2d2-270e6aaca94c" testId="77e10824-1cca-c689-50b2-ed0e80430907" testName="TileConstructorTest" computerName="TW1FTENVY" duration="00:00:00.0069673" startTime="2014-04-28T10:25:41.3883063-05:00" endTime="2014-04-28T10:25:41.3983125-05:00" testType="13cdc9d9-ddb5-4fa4-a97d-d965ccfc6d4b" outcome="Passed" testListId="8c84fa94-04c1-424b-9868-57a2d4851a1d" relativeResultsDirectory="eace1b30-0de5-49df-b2d2-270e6aaca94c">
    </UnitTestResult>
    <UnitTestResult executionId="dc581667-ce57-4b8f-a4c9-c7f85c22834e" testId="42431ad3-b2fa-3a89-f07f-b02ce47f85e3" testName="GetSetBoardXTest" computerName="TW1FTENVY" duration="00:00:00.0062048" startTime="2014-04-28T10:25:41.4033169-05:00" endTime="2014-04-28T10:25:41.4113221-05:00" testType="13cdc9d9-ddb5-4fa4-a97d-d965ccfc6d4b" outcome="Passed" testListId="8c84fa94-04c1-424b-9868-57a2d4851a1d" relativeResultsDirectory="dc581667-ce57-4b8f-a4c9-c7f85c22834e">
    </UnitTestResult>
    <UnitTestResult executionId="57c7c7f8-b4f3-43a3-81a5-0547a40d3612" testId="2ee5ec05-43c5-a370-94e2-7ce68113ecd3" testName="GetSetBoardYTest" computerName="TW1FTENVY" duration="00:00:00.0002766" startTime="2014-04-28T10:25:41.4163248-05:00" endTime="2014-04-28T10:25:41.4193278-05:00" testType="13cdc9d9-ddb5-4fa4-a97d-d965ccfc6d4b" outcome="Passed" testListId="8c84fa94-04c1-424b-9868-57a2d4851a1d" relativeResultsDirectory="57c7c7f8-b4f3-43a3-81a5-0547a40d3612">
    </UnitTestResult>
    <UnitTestResult executionId="616812fd-6e20-49fa-afd0-b8b9dcf62568" testId="72f264a5-7de2-336c-60e6-b904b0cc1eea" testName="IsAdjacentTest" computerName="TW1FTENVY" duration="00:00:00.0001736" startTime="2014-04-28T10:25:41.4233311-05:00" endTime="2014-04-28T10:25:41.4263319-05:00" testType="13cdc9d9-ddb5-4fa4-a97d-d965ccfc6d4b" outcome="Passed" testListId="8c84fa94-04c1-424b-9868-57a2d4851a1d" relativeResultsDirectory="616812fd-6e20-49fa-afd0-b8b9dcf62568">
    </UnitTestResult>
    <UnitTestResult executionId="f20c85f9-6c89-4515-b3df-9577ccb3d110" testId="e4ab14aa-1429-271f-5b09-0f8f32eeab9a" testName="TestStandardTile" computerName="TW1FTENVY" duration="00:00:00.0064870" startTime="2014-04-28T10:25:41.4303347-05:00" endTime="2014-04-28T10:25:41.4393415-05:00" testType="13cdc9d9-ddb5-4fa4-a97d-d965ccfc6d4b" outcome="Passed" testListId="8c84fa94-04c1-424b-9868-57a2d4851a1d" relativeResultsDirectory="f20c85f9-6c89-4515-b3df-9577ccb3d110">
    </UnitTestResult>
    <UnitTestResult executionId="4a2ab18d-15b6-44ca-948b-4eef3e9c2dc7" testId="3a6c85dc-ff2e-cb74-a68e-e4c4f59a65bd" testName="TestMusicTile" computerName="TW1FTENVY" duration="00:00:00.0002364" startTime="2014-04-28T10:25:41.4443455-05:00" endTime="2014-04-28T10:25:41.4473464-05:00" testType="13cdc9d9-ddb5-4fa4-a97d-d965ccfc6d4b" outcome="Passed" testListId="8c84fa94-04c1-424b-9868-57a2d4851a1d" relativeResultsDirectory="4a2ab18d-15b6-44ca-948b-4eef3e9c2dc7">
    </UnitTestResult>
    <UnitTestResult executionId="8cc6a086-e6c2-49d5-aafd-9a67f9cf81ac" testId="fc573d78-4d31-4cef-4a5f-301b8eb35a18" testName="TestImageTile" computerName="TW1FTENVY" duration="00:00:00.0002074" startTime="2014-04-28T10:25:41.4513496-05:00" endTime="2014-04-28T10:25:41.4543522-05:00" testType="13cdc9d9-ddb5-4fa4-a97d-d965ccfc6d4b" outcome="Passed" testListId="8c84fa94-04c1-424b-9868-57a2d4851a1d" relativeResultsDirectory="8cc6a086-e6c2-49d5-aafd-9a67f9cf81ac">
    </UnitTestResult>
    <UnitTestResult executionId="f8d76402-81ad-4fc2-a955-7f9a6a8a8554" testId="52f2ba69-e8af-366e-fa05-7e9d58be5419" testName="TestDeathTile" computerName="TW1FTENVY" duration="00:00:00.0071024" startTime="2014-04-28T10:25:41.4583550-05:00" endTime="2014-04-28T10:25:41.4683625-05:00" testType="13cdc9d9-ddb5-4fa4-a97d-d965ccfc6d4b" outcome="Passed" testListId="8c84fa94-04c1-424b-9868-57a2d4851a1d" relativeResultsDirectory="f8d76402-81ad-4fc2-a955-7f9a6a8a8554">
    </UnitTestResult>
    <UnitTestResult executionId="213e3c50-5d5a-4bfa-bc1a-bd269581231d" testId="d3f09b35-b610-a3b7-aac9-aa4bbf66fea6" testName="TestJokerTile" computerName="TW1FTENVY" duration="00:00:00.0065850" startTime="2014-04-28T10:25:41.4723653-05:00" endTime="2014-04-28T10:25:41.4823720-05:00" testType="13cdc9d9-ddb5-4fa4-a97d-d965ccfc6d4b" outcome="Passed" testListId="8c84fa94-04c1-424b-9868-57a2d4851a1d" relativeResultsDirectory="213e3c50-5d5a-4bfa-bc1a-bd269581231d">
    </UnitTestResult>
    <UnitTestResult executionId="bfb6a911-9523-4703-881f-06a89eef5d82" testId="93e1a339-56ec-6a9a-cc36-ee3412430608" testName="TileConstructorTest" computerName="TW1FTENVY" duration="00:00:00.0003301" startTime="2014-04-28T10:25:41.4863753-05:00" endTime="2014-04-28T10:25:41.4903777-05:00" testType="13cdc9d9-ddb5-4fa4-a97d-d965ccfc6d4b" outcome="Passed" testListId="8c84fa94-04c1-424b-9868-57a2d4851a1d" relativeResultsDirectory="bfb6a911-9523-4703-881f-06a89eef5d82">
    </UnitTestResult>
    <UnitTestResult executionId="eaab315a-51f7-44e4-aa4b-6b2f6c74a6b1" testId="f0bdd7dd-7cef-1459-6d80-5f06a72cf810" testName="GetSetPlayerTileTest" computerName="TW1FTENVY" duration="00:00:00.0001992" startTime="2014-04-28T10:25:41.4943805-05:00" endTime="2014-04-28T10:25:41.4973826-05:00" testType="13cdc9d9-ddb5-4fa4-a97d-d965ccfc6d4b" outcome="Passed" testListId="8c84fa94-04c1-424b-9868-57a2d4851a1d" relativeResultsDirectory="eaab315a-51f7-44e4-aa4b-6b2f6c74a6b1">
    </UnitTestResult>
    <UnitTestResult executionId="4133a836-c70a-4329-9590-5b7e9bd7ddeb" testId="c4cd8056-c9ff-caf6-98af-4ccd1972a29a" testName="GetSetPlayerNameTest" computerName="TW1FTENVY" duration="00:00:00.0002604" startTime="2014-04-28T10:25:41.5013855-05:00" endTime="2014-04-28T10:25:41.5033869-05:00" testType="13cdc9d9-ddb5-4fa4-a97d-d965ccfc6d4b" outcome="Passed" testListId="8c84fa94-04c1-424b-9868-57a2d4851a1d" relativeResultsDirectory="4133a836-c70a-4329-9590-5b7e9bd7ddeb">
    </UnitTestResult>
    <UnitTestResult executionId="76e1e3e0-892d-44d2-b345-201fc9bd06ab" testId="d6f0928c-7367-b459-6ff5-32ca0241f57e" testName="MultiplePlayerTest" computerName="TW1FTENVY" duration="00:00:00.0085812" startTime="2014-04-28T10:25:41.5073893-05:00" endTime="2014-04-28T10:25:41.5183975-05:00" testType="13cdc9d9-ddb5-4fa4-a97d-d965ccfc6d4b" outcome="Passed" testListId="8c84fa94-04c1-424b-9868-57a2d4851a1d" relativeResultsDirectory="76e1e3e0-892d-44d2-b345-201fc9bd06ab">
      <Output>
        <StdOut>More then 4 players have been created.</StdOut>
      </Output>
    </UnitTestResult>
    <UnitTestResult executionId="6a447510-cf00-4783-867c-b195a8ed6e45" testId="212fceb0-e09b-bfef-a8c4-50fb8b97b08a" testName="VictoryTest" computerName="TW1FTENVY" duration="00:00:00.6709464" startTime="2014-04-28T10:25:41.5234015-05:00" endTime="2014-04-28T10:25:42.1969015-05:00" testType="13cdc9d9-ddb5-4fa4-a97d-d965ccfc6d4b" outcome="Passed" testListId="8c84fa94-04c1-424b-9868-57a2d4851a1d" relativeResultsDirectory="6a447510-cf00-4783-867c-b195a8ed6e45">
    </UnitTestResult>
  </Results>
</TestRun>